Clock Rate: 3 ticks per second
----------------------------------------
SEND C | 1741129309.6906 | 0 | 1
RECEIVE B | 1741129310.025184 | 0 | 3.0
SEND B | 1741129310.365361 | 0 | 4.0
INTERNAL | 1741129310.6980622 | 0 | 5.0
INTERNAL | 1741129311.032483 | 0 | 6.0
RECEIVE B | 1741129311.368499 | 0 | 7.0
INTERNAL | 1741129311.7068548 | 0 | 8.0
RECEIVE B | 1741129312.044853 | 0 | 9.0
INTERNAL | 1741129312.383188 | 0 | 10.0
SEND ALL | 1741129312.731596 | 0 | 11.0
INTERNAL | 1741129313.0580008 | 0 | 12.0
SEND B | 1741129313.3981261 | 0 | 13.0
SEND B | 1741129313.736937 | 0 | 14.0
SEND ALL | 1741129314.073674 | 0 | 15.0
SEND C | 1741129314.410944 | 0 | 16.0
SEND B | 1741129314.750679 | 0 | 17.0
SEND B | 1741129315.083292 | 0 | 18.0
SEND ALL | 1741129315.42429 | 0 | 19.0
SEND ALL | 1741129315.763384 | 0 | 20.0
SEND C | 1741129316.096769 | 0 | 21.0
SEND C | 1741129316.429736 | 0 | 22.0
SEND C | 1741129316.768018 | 0 | 23.0
INTERNAL | 1741129317.100286 | 0 | 24.0
RECEIVE B | 1741129317.4382138 | 0 | 25.0
SEND B | 1741129317.782141 | 0 | 26.0
SEND ALL | 1741129318.115346 | 0 | 27.0
SEND ALL | 1741129318.4693708 | 0 | 28.0
SEND B | 1741129318.7913 | 0 | 29.0
SEND C | 1741129319.125799 | 0 | 30.0
SEND C | 1741129319.463514 | 0 | 31.0
SEND ALL | 1741129319.802659 | 0 | 32.0
SEND ALL | 1741129320.140183 | 0 | 33.0
SEND ALL | 1741129320.479321 | 0 | 34.0
SEND C | 1741129320.8150342 | 0 | 35.0
INTERNAL | 1741129321.1472902 | 0 | 36.0
RECEIVE B | 1741129321.485643 | 0 | 37.0
SEND C | 1741129321.825728 | 0 | 38.0
RECEIVE B | 1741129322.159613 | 0 | 39.0
RECEIVE B | 1741129322.496886 | 0 | 40.0
INTERNAL | 1741129322.8340921 | 0 | 41.0
SEND B | 1741129323.1776042 | 0 | 42.0
SEND B | 1741129323.51406 | 0 | 43.0
INTERNAL | 1741129323.847101 | 0 | 44.0
INTERNAL | 1741129324.186431 | 0 | 45.0
SEND C | 1741129324.5293078 | 0 | 46.0
SEND ALL | 1741129324.8654761 | 0 | 47.0
SEND ALL | 1741129325.203701 | 0 | 48.0
SEND ALL | 1741129325.54027 | 0 | 49.0
SEND ALL | 1741129325.8768141 | 0 | 50.0
SEND ALL | 1741129326.215064 | 0 | 51.0
SEND B | 1741129326.54636 | 0 | 52.0
INTERNAL | 1741129326.880341 | 0 | 53.0
INTERNAL | 1741129327.218714 | 0 | 54.0
INTERNAL | 1741129327.557083 | 0 | 55.0
SEND C | 1741129327.898369 | 0 | 56.0
RECEIVE B | 1741129328.230628 | 0 | 57.0
SEND B | 1741129328.572482 | 0 | 58.0
INTERNAL | 1741129328.903382 | 0 | 59.0
SEND C | 1741129329.238865 | 0 | 60.0
INTERNAL | 1741129329.575211 | 0 | 61.0
INTERNAL | 1741129329.9101 | 0 | 62.0
RECEIVE B | 1741129330.250556 | 0 | 63.0
SEND ALL | 1741129330.59304 | 0 | 64.0
SEND B | 1741129330.9298692 | 0 | 65.0
SEND B | 1741129331.263613 | 0 | 66.0
INTERNAL | 1741129331.5956259 | 0 | 67.0
SEND B | 1741129331.9358542 | 0 | 68.0
RECEIVE C | 1741129332.269425 | 0 | 69.0
INTERNAL | 1741129332.6078389 | 0 | 70.0
RECEIVE C | 1741129332.946223 | 0 | 71.0
RECEIVE C | 1741129333.282944 | 0 | 72.0
SEND B | 1741129333.627501 | 0 | 73.0
RECEIVE C | 1741129333.95848 | 0 | 74.0
RECEIVE C | 1741129334.294852 | 0 | 75.0
SEND C | 1741129334.6324759 | 0 | 76.0
INTERNAL | 1741129334.968395 | 0 | 77.0
RECEIVE B | 1741129335.305841 | 0 | 78.0
RECEIVE B | 1741129335.644171 | 0 | 79.0
SEND C | 1741129335.984082 | 0 | 80.0
RECEIVE B | 1741129336.3209448 | 0 | 81.0
RECEIVE B | 1741129336.6588318 | 0 | 82.0
SEND ALL | 1741129337.0037582 | 0 | 83.0
SEND B | 1741129337.332889 | 0 | 84.0
INTERNAL | 1741129337.665237 | 0 | 85.0
SEND B | 1741129338.0066519 | 0 | 86.0
SEND B | 1741129338.344408 | 0 | 87.0
SEND ALL | 1741129338.682786 | 0 | 88.0
SEND ALL | 1741129339.0215611 | 0 | 89.0
SEND ALL | 1741129339.366513 | 0 | 90.0
SEND C | 1741129339.69689 | 0 | 91.0
SEND ALL | 1741129340.035648 | 0 | 92.0
SEND ALL | 1741129340.374103 | 0 | 93.0
INTERNAL | 1741129340.7065458 | 0 | 94.0
SEND ALL | 1741129341.052642 | 0 | 95.0
SEND ALL | 1741129341.3882701 | 0 | 96.0
SEND B | 1741129341.720161 | 0 | 97.0
SEND ALL | 1741129342.056458 | 0 | 98.0
SEND ALL | 1741129342.3954198 | 0 | 99.0
SEND B | 1741129342.728978 | 0 | 100.0
SEND B | 1741129343.0619981 | 0 | 101.0
SEND B | 1741129343.395713 | 0 | 102.0
SEND ALL | 1741129343.736662 | 0 | 103.0
SEND C | 1741129344.0703511 | 0 | 104.0
SEND B | 1741129344.409639 | 0 | 105.0
SEND ALL | 1741129344.746423 | 0 | 106.0
INTERNAL | 1741129345.081069 | 0 | 107.0
RECEIVE C | 1741129345.419374 | 0 | 109.0
SEND C | 1741129345.760427 | 0 | 110.0
SEND B | 1741129346.0992541 | 0 | 111.0
RECEIVE C | 1741129346.434498 | 0 | 113.0
SEND ALL | 1741129346.776117 | 0 | 114.0
SEND ALL | 1741129347.116964 | 0 | 115.0
SEND B | 1741129347.4490612 | 0 | 116.0
SEND B | 1741129347.784567 | 0 | 117.0
SEND ALL | 1741129348.119575 | 0 | 118.0
SEND C | 1741129348.457751 | 0 | 119.0
SEND C | 1741129348.793717 | 0 | 120.0
SEND ALL | 1741129349.1367922 | 0 | 121.0
SEND ALL | 1741129349.468083 | 0 | 122.0
SEND B | 1741129349.8062232 | 0 | 123.0
SEND C | 1741129350.145896 | 0 | 124.0
INTERNAL | 1741129350.480263 | 0 | 125.0
SEND B | 1741129350.8209379 | 0 | 126.0
INTERNAL | 1741129351.156972 | 0 | 127.0
RECEIVE C | 1741129351.4953432 | 0 | 128.0
INTERNAL | 1741129351.8325682 | 0 | 129.0
SEND ALL | 1741129352.178554 | 0 | 130.0
SEND ALL | 1741129352.515459 | 0 | 131.0
SEND ALL | 1741129352.848574 | 0 | 132.0
SEND ALL | 1741129353.1907141 | 0 | 133.0
SEND C | 1741129353.525606 | 0 | 134.0
SEND ALL | 1741129353.8664792 | 0 | 135.0
SEND C | 1741129354.201256 | 0 | 136.0
SEND C | 1741129354.542094 | 0 | 137.0
SEND C | 1741129354.877794 | 0 | 138.0
SEND C | 1741129355.216085 | 0 | 139.0
SEND ALL | 1741129355.5526872 | 0 | 140.0
SEND ALL | 1741129355.88934 | 0 | 141.0
SEND C | 1741129356.219711 | 0 | 142.0
SEND C | 1741129356.5598269 | 0 | 143.0
SEND ALL | 1741129356.898773 | 0 | 144.0
SEND ALL | 1741129357.2323651 | 0 | 145.0
INTERNAL | 1741129357.568007 | 0 | 146.0
SEND B | 1741129357.908185 | 0 | 147.0
SEND B | 1741129358.246805 | 0 | 148.0
INTERNAL | 1741129358.5830421 | 0 | 149.0
INTERNAL | 1741129358.9214132 | 0 | 150.0
RECEIVE B | 1741129359.2580202 | 0 | 151.0
SEND C | 1741129359.601022 | 0 | 152.0
SEND C | 1741129359.93628 | 0 | 153.0
RECEIVE B | 1741129360.2719948 | 0 | 154.0
SEND C | 1741129360.614315 | 0 | 155.0
SEND ALL | 1741129360.952938 | 0 | 156.0
SEND B | 1741129361.282851 | 0 | 157.0
SEND ALL | 1741129361.6261609 | 0 | 158.0
SEND ALL | 1741129361.9598 | 0 | 159.0
SEND C | 1741129362.294989 | 0 | 160.0
SEND C | 1741129362.630065 | 0 | 161.0
SEND B | 1741129362.968891 | 0 | 162.0
SEND B | 1741129363.30939 | 0 | 163.0
SEND B | 1741129363.646184 | 0 | 164.0
SEND B | 1741129363.9777348 | 0 | 165.0
SEND C | 1741129364.317421 | 0 | 166.0
SEND C | 1741129364.653814 | 0 | 167.0
SEND B | 1741129364.989624 | 0 | 168.0
INTERNAL | 1741129365.325946 | 0 | 169.0
SEND B | 1741129365.6672971 | 0 | 170.0
SEND C | 1741129366.006906 | 0 | 171.0
SEND B | 1741129366.345105 | 0 | 172.0
RECEIVE C | 1741129366.677953 | 0 | 174.0
SEND C | 1741129367.019275 | 0 | 175.0
SEND ALL | 1741129367.3563719 | 0 | 176.0
SEND C | 1741129367.6929522 | 0 | 177.0
INTERNAL | 1741129368.027381 | 0 | 178.0
SEND C | 1741129368.37143 | 0 | 179.0
SEND C | 1741129368.7056909 | 0 | 180.0
RECEIVE B | 1741129369.041968 | 0 | 181.0
SEND B | 1741129369.3811562 | 0 | 182.0
SEND B | 1741129369.7213628 | 0 | 183.0
RECEIVE C | 1741129370.050747 | 0 | 184.0
SEND B | 1741129370.3896692 | 0 | 185.0
RECEIVE C | 1741129370.725468 | 0 | 186.0
SEND C | 1741129371.0685818 | 0 | 187.0
SEND ALL | 1741129371.405031 | 0 | 188.0
SEND ALL | 1741129371.742561 | 0 | 189.0
SEND ALL | 1741129372.083843 | 0 | 190.0
SEND B | 1741129372.4183009 | 0 | 191.0
SEND B | 1741129372.769057 | 0 | 192.0
SEND B | 1741129373.085454 | 0 | 193.0
SEND C | 1741129373.442146 | 0 | 194.0
SEND C | 1741129373.7607439 | 0 | 195.0
SEND B | 1741129374.096529 | 0 | 196.0
SEND ALL | 1741129374.430651 | 0 | 197.0
