Clock Rate: 3 ticks per second
----------------------------------------
INTERNAL | 1741236370.637735 | 0 | 1
INTERNAL | 1741236370.976176 | 0 | 2
INTERNAL | 1741236371.314102 | 0 | 3
INTERNAL | 1741236371.6524348 | 0 | 4
INTERNAL | 1741236371.9866061 | 0 | 5
SEND C | 1741236372.330174 | 0 | 6
RECEIVE B | 1741236372.663281 | 0 | 7
INTERNAL | 1741236373.0016088 | 0 | 8
INTERNAL | 1741236373.339995 | 0 | 9
INTERNAL | 1741236373.677691 | 0 | 10
SEND C | 1741236374.020643 | 0 | 11
INTERNAL | 1741236374.350427 | 0 | 12
SEND ALL | 1741236374.696117 | 0 | 13
SEND C | 1741236375.031204 | 0 | 14
INTERNAL | 1741236375.364 | 0 | 15
INTERNAL | 1741236375.69965 | 0 | 16
INTERNAL | 1741236376.038065 | 0 | 17
RECEIVE C | 1741236376.376487 | 0 | 18
INTERNAL | 1741236376.71437 | 0 | 19
INTERNAL | 1741236377.05278 | 0 | 20
INTERNAL | 1741236377.3911018 | 0 | 21
INTERNAL | 1741236377.725934 | 0 | 22
INTERNAL | 1741236378.063976 | 0 | 23
RECEIVE C | 1741236378.402346 | 1 | 24
RECEIVE B | 1741236378.740561 | 0 | 25
SEND B | 1741236379.08377 | 0 | 26
INTERNAL | 1741236379.417394 | 0 | 27
INTERNAL | 1741236379.755878 | 0 | 28
INTERNAL | 1741236380.0928159 | 0 | 29
INTERNAL | 1741236380.42907 | 0 | 30
SEND C | 1741236380.7712698 | 0 | 31
INTERNAL | 1741236381.10383 | 0 | 32
INTERNAL | 1741236381.4422069 | 0 | 33
INTERNAL | 1741236381.779328 | 0 | 34
SEND B | 1741236382.122924 | 0 | 35
INTERNAL | 1741236382.454272 | 0 | 36
RECEIVE C | 1741236382.792473 | 0 | 37
SEND B | 1741236383.133298 | 0 | 38
INTERNAL | 1741236383.477751 | 0 | 39
SEND C | 1741236383.8184571 | 0 | 40
INTERNAL | 1741236384.154402 | 0 | 41
INTERNAL | 1741236384.492393 | 0 | 42
INTERNAL | 1741236384.83076 | 0 | 43
INTERNAL | 1741236385.1646059 | 0 | 44
INTERNAL | 1741236385.500767 | 0 | 45
INTERNAL | 1741236385.839181 | 0 | 46
INTERNAL | 1741236386.173603 | 0 | 47
RECEIVE C | 1741236386.51199 | 0 | 48
RECEIVE B | 1741236386.8482618 | 0 | 49
INTERNAL | 1741236387.186644 | 0 | 50
INTERNAL | 1741236387.52218 | 0 | 51
INTERNAL | 1741236387.8573802 | 0 | 52
INTERNAL | 1741236388.195771 | 0 | 53
RECEIVE B | 1741236388.5338712 | 0 | 54
RECEIVE B | 1741236388.868751 | 0 | 55
INTERNAL | 1741236389.209267 | 0 | 56
INTERNAL | 1741236389.5460658 | 0 | 57
INTERNAL | 1741236389.880362 | 0 | 58
INTERNAL | 1741236390.215481 | 0 | 59
INTERNAL | 1741236390.551139 | 0 | 60
SEND B | 1741236390.893188 | 0 | 61
SEND ALL | 1741236391.235262 | 0 | 62
INTERNAL | 1741236391.566315 | 0 | 63
INTERNAL | 1741236391.9046679 | 0 | 64
INTERNAL | 1741236392.240083 | 0 | 65
SEND B | 1741236392.577986 | 0 | 66
INTERNAL | 1741236392.9139771 | 0 | 67
INTERNAL | 1741236393.2487411 | 0 | 68
RECEIVE C | 1741236393.584491 | 0 | 69
RECEIVE B | 1741236393.922899 | 0 | 70
INTERNAL | 1741236394.2604082 | 0 | 71
INTERNAL | 1741236394.595674 | 0 | 72
INTERNAL | 1741236394.934033 | 0 | 73
INTERNAL | 1741236395.2710369 | 0 | 74
INTERNAL | 1741236395.6093829 | 0 | 75
SEND ALL | 1741236395.952142 | 0 | 76
INTERNAL | 1741236396.2854102 | 0 | 77
INTERNAL | 1741236396.6225338 | 0 | 78
RECEIVE B | 1741236396.960949 | 0 | 79
INTERNAL | 1741236397.295986 | 0 | 80
RECEIVE C | 1741236397.634358 | 0 | 81
SEND ALL | 1741236397.9773371 | 0 | 82
INTERNAL | 1741236398.3094132 | 0 | 83
INTERNAL | 1741236398.64702 | 0 | 84
INTERNAL | 1741236398.985404 | 0 | 85
INTERNAL | 1741236399.323051 | 0 | 86
INTERNAL | 1741236399.657525 | 0 | 87
RECEIVE C | 1741236399.991287 | 0 | 88
INTERNAL | 1741236400.3279638 | 0 | 89
INTERNAL | 1741236400.664733 | 0 | 90
INTERNAL | 1741236400.999546 | 0 | 91
INTERNAL | 1741236401.333815 | 0 | 92
INTERNAL | 1741236401.671969 | 0 | 93
INTERNAL | 1741236402.010324 | 0 | 94
SEND C | 1741236402.350563 | 0 | 95
INTERNAL | 1741236402.6827352 | 0 | 96
RECEIVE C | 1741236403.02108 | 0 | 98.0
INTERNAL | 1741236403.3545358 | 0 | 99.0
SEND ALL | 1741236403.7091498 | 0 | 100.0
INTERNAL | 1741236404.031554 | 0 | 101.0
INTERNAL | 1741236404.369798 | 0 | 102.0
INTERNAL | 1741236404.708113 | 0 | 103.0
SEND ALL | 1741236405.0503192 | 0 | 104.0
INTERNAL | 1741236405.380846 | 0 | 105.0
INTERNAL | 1741236405.71925 | 0 | 106.0
RECEIVE C | 1741236406.0530078 | 0 | 107.0
INTERNAL | 1741236406.389059 | 0 | 108.0
SEND B | 1741236406.7317288 | 0 | 109.0
INTERNAL | 1741236407.0646589 | 0 | 110.0
INTERNAL | 1741236407.399616 | 0 | 111.0
INTERNAL | 1741236407.74432 | 0 | 112.0
RECEIVE C | 1741236408.08267 | 0 | 113.0
INTERNAL | 1741236408.416893 | 0 | 114.0
INTERNAL | 1741236408.7562308 | 0 | 115.0
INTERNAL | 1741236409.094599 | 0 | 116.0
INTERNAL | 1741236409.4325728 | 0 | 117.0
INTERNAL | 1741236409.766342 | 0 | 118.0
INTERNAL | 1741236410.100269 | 0 | 119.0
SEND ALL | 1741236410.47184 | 0 | 120.0
INTERNAL | 1741236410.7734668 | 0 | 121.0
SEND B | 1741236411.117088 | 0 | 122.0
SEND C | 1741236411.463488 | 0 | 123.0
INTERNAL | 1741236411.780283 | 0 | 124.0
INTERNAL | 1741236412.1468768 | 0 | 125.0
RECEIVE B | 1741236412.4586902 | 0 | 126.0
INTERNAL | 1741236412.796942 | 0 | 127.0
INTERNAL | 1741236413.1349251 | 0 | 128.0
RECEIVE C | 1741236413.469315 | 0 | 129.0
INTERNAL | 1741236413.8076842 | 0 | 130.0
INTERNAL | 1741236414.144418 | 0 | 131.0
RECEIVE B | 1741236414.478851 | 0 | 132.0
SEND B | 1741236414.8228679 | 0 | 133.0
SEND C | 1741236415.1868958 | 0 | 134.0
INTERNAL | 1741236415.4893491 | 0 | 135.0
INTERNAL | 1741236415.8267279 | 0 | 136.0
SEND ALL | 1741236416.174494 | 0 | 137.0
INTERNAL | 1741236416.499626 | 0 | 138.0
INTERNAL | 1741236416.8372889 | 0 | 139.0
INTERNAL | 1741236417.1974301 | 0 | 140.0
SEND C | 1741236417.5387578 | 0 | 141.0
SEND C | 1741236417.8739681 | 0 | 142.0
RECEIVE B | 1741236418.204035 | 0 | 143.0
INTERNAL | 1741236418.539747 | 0 | 144.0
INTERNAL | 1741236418.876374 | 0 | 145.0
SEND ALL | 1741236419.2308412 | 0 | 146.0
INTERNAL | 1741236419.550944 | 0 | 147.0
INTERNAL | 1741236419.889282 | 0 | 148.0
RECEIVE B | 1741236420.225059 | 0 | 149.0
INTERNAL | 1741236420.5633569 | 0 | 150.0
INTERNAL | 1741236420.9004211 | 0 | 151.0
INTERNAL | 1741236421.238486 | 0 | 152.0
INTERNAL | 1741236421.577888 | 0 | 153.0
INTERNAL | 1741236421.9143791 | 0 | 154.0
SEND ALL | 1741236422.25743 | 0 | 155.0
INTERNAL | 1741236422.5910668 | 0 | 156.0
INTERNAL | 1741236422.929442 | 0 | 157.0
SEND ALL | 1741236423.2807329 | 0 | 158.0
INTERNAL | 1741236423.6016881 | 0 | 159.0
INTERNAL | 1741236423.940052 | 0 | 160.0
RECEIVE B | 1741236424.278402 | 0 | 161.0
INTERNAL | 1741236424.6169112 | 0 | 162.0
INTERNAL | 1741236424.9550972 | 0 | 163.0
INTERNAL | 1741236425.294198 | 0 | 164.0
SEND C | 1741236425.6377778 | 0 | 165.0
INTERNAL | 1741236425.9724622 | 0 | 166.0
INTERNAL | 1741236426.311265 | 0 | 167.0
INTERNAL | 1741236426.644354 | 0 | 168.0
INTERNAL | 1741236426.977754 | 0 | 169.0
INTERNAL | 1741236427.368917 | 0 | 170.0
RECEIVE B | 1741236427.7058141 | 0 | 171.0
INTERNAL | 1741236428.044189 | 0 | 172.0
INTERNAL | 1741236428.378334 | 0 | 173.0
INTERNAL | 1741236428.714135 | 0 | 174.0
INTERNAL | 1741236429.0525708 | 0 | 175.0
INTERNAL | 1741236429.38819 | 0 | 176.0
INTERNAL | 1741236429.726382 | 0 | 177.0
SEND ALL | 1741236430.074163 | 0 | 178.0
INTERNAL | 1741236430.4054139 | 0 | 179.0
INTERNAL | 1741236430.741181 | 0 | 180.0
INTERNAL | 1741236431.0757482 | 0 | 181.0
INTERNAL | 1741236431.414134 | 0 | 182.0
INTERNAL | 1741236431.748395 | 0 | 183.0
INTERNAL | 1741236432.083692 | 0 | 184.0
INTERNAL | 1741236432.421408 | 0 | 185.0
INTERNAL | 1741236432.759757 | 0 | 186.0
INTERNAL | 1741236433.0983 | 0 | 187.0
RECEIVE C | 1741236433.436712 | 0 | 188.0
INTERNAL | 1741236433.7751129 | 0 | 189.0
INTERNAL | 1741236434.1134348 | 0 | 190.0
INTERNAL | 1741236434.447914 | 0 | 191.0
INTERNAL | 1741236434.7830698 | 0 | 192.0
INTERNAL | 1741236435.121418 | 0 | 193.0
INTERNAL | 1741236435.459799 | 0 | 194.0
