Clock Rate: 4 ticks per second
----------------------------------------
SEND C | 1741050562.55868 | 0 | 1
INTERNAL | 1741050562.812211 | 0 | 2
INTERNAL | 1741050563.0672152 | 0 | 3
INTERNAL | 1741050563.3222752 | 0 | 4
INTERNAL | 1741050563.5770218 | 0 | 5
SEND ALL | 1741050563.837301 | 0 | 6
SEND ALL | 1741050564.090164 | 0 | 7
INTERNAL | 1741050564.338628 | 0 | 8
SEND ALL | 1741050564.599128 | 0 | 9
INTERNAL | 1741050564.8478348 | 0 | 10
RECEIVE B | 1741050565 | 0 | 18
INTERNAL | 1741050565.3569221 | 0 | 19
INTERNAL | 1741050565.611497 | 0 | 20
RECEIVE B | 1741050565 | 0 | 21
RECEIVE B | 1741050566 | 0 | 23
INTERNAL | 1741050566.371236 | 0 | 24
RECEIVE C | 1741050566 | 0 | 25
SEND B | 1741050566.884599 | 0 | 26
RECEIVE C | 1741050566 | 0 | 27
INTERNAL | 1741050567.390574 | 0 | 28
RECEIVE B | 1741050567 | 0 | 30
INTERNAL | 1741050567.898939 | 0 | 31
RECEIVE C | 1741050567 | 0 | 33
INTERNAL | 1741050568.407582 | 0 | 34
SEND C | 1741050568.6671722 | 0 | 35
INTERNAL | 1741050568.9157078 | 0 | 36
INTERNAL | 1741050569.1707468 | 0 | 37
RECEIVE B | 1741050569 | 0 | 40
RECEIVE B | 1741050569 | 0 | 41
INTERNAL | 1741050569.93591 | 0 | 42
RECEIVE B | 1741050569 | 0 | 43
RECEIVE C | 1741050570 | 0 | 45
INTERNAL | 1741050570.694827 | 0 | 46
RECEIVE B | 1741050570 | 0 | 48
RECEIVE B | 1741050570 | 0 | 49
INTERNAL | 1741050571.4591339 | 0 | 50
INTERNAL | 1741050571.71157 | 0 | 51
RECEIVE C | 1741050571 | 0 | 54
RECEIVE B | 1741050571 | 0 | 55
RECEIVE B | 1741050572 | 0 | 57
RECEIVE B | 1741050572 | 0 | 58
INTERNAL | 1741050572.978116 | 0 | 59
INTERNAL | 1741050573.233152 | 0 | 60
INTERNAL | 1741050573.488182 | 0 | 61
RECEIVE C | 1741050573 | 0 | 63
INTERNAL | 1741050573.997448 | 0 | 64
RECEIVE B | 1741050574 | 0 | 66
INTERNAL | 1741050574.507164 | 0 | 67
RECEIVE B | 1741050574 | 0 | 69
INTERNAL | 1741050575.0164979 | 0 | 70
INTERNAL | 1741050575.271553 | 0 | 71
INTERNAL | 1741050575.525225 | 0 | 72
INTERNAL | 1741050575.775954 | 0 | 73
INTERNAL | 1741050576.028126 | 0 | 74
RECEIVE B | 1741050576 | 0 | 77
SEND C | 1741050576.5414941 | 0 | 78
RECEIVE B | 1741050576 | 1 | 79
RECEIVE C | 1741050576 | 0 | 81
INTERNAL | 1741050577.298722 | 0 | 82
INTERNAL | 1741050577.553777 | 0 | 83
SEND C | 1741050577.8094451 | 0 | 84
INTERNAL | 1741050578.060416 | 0 | 85
RECEIVE B | 1741050578 | 0 | 86
RECEIVE C | 1741050578 | 0 | 89
RECEIVE C | 1741050578 | 0 | 91
INTERNAL | 1741050579.0754921 | 0 | 92
INTERNAL | 1741050579.3298078 | 0 | 93
INTERNAL | 1741050579.584814 | 0 | 94
SEND B | 1741050579.8435898 | 0 | 95
RECEIVE C | 1741050580 | 0 | 98
SEND ALL | 1741050580.3563678 | 0 | 99
INTERNAL | 1741050580.603924 | 0 | 100
RECEIVE C | 1741050580 | 0 | 103
RECEIVE B | 1741050580 | 0 | 104
INTERNAL | 1741050581.357219 | 0 | 105
SEND B | 1741050581.613108 | 0 | 106
SEND C | 1741050581.8656871 | 0 | 107
RECEIVE B | 1741050581 | 0 | 109
RECEIVE C | 1741050582 | 0 | 110
SEND B | 1741050582.621526 | 0 | 111
RECEIVE C | 1741050582 | 0 | 112
INTERNAL | 1741050583.126376 | 0 | 113
INTERNAL | 1741050583.381381 | 0 | 114
RECEIVE C | 1741050583 | 0 | 116
INTERNAL | 1741050583.887307 | 0 | 117
RECEIVE C | 1741050584 | 0 | 119
INTERNAL | 1741050584.396815 | 0 | 120
INTERNAL | 1741050584.651856 | 0 | 121
INTERNAL | 1741050584.906901 | 0 | 122
RECEIVE C | 1741050585 | 0 | 124
INTERNAL | 1741050585.4134772 | 0 | 125
SEND C | 1741050585.672699 | 0 | 126
INTERNAL | 1741050585.920258 | 0 | 127
RECEIVE C | 1741050586 | 0 | 130
SEND C | 1741050586.432694 | 0 | 131
SEND ALL | 1741050586.687071 | 0 | 132
INTERNAL | 1741050586.933768 | 0 | 133
RECEIVE B | 1741050587 | 0 | 135
SEND ALL | 1741050587.450377 | 0 | 136
RECEIVE B | 1741050587 | 0 | 139
RECEIVE C | 1741050587 | 0 | 140
RECEIVE C | 1741050587 | 0 | 141
SEND C | 1741050588.461397 | 0 | 142
INTERNAL | 1741050588.714366 | 0 | 143
RECEIVE C | 1741050588 | 0 | 145
RECEIVE C | 1741050589 | 0 | 147
RECEIVE B | 1741050589 | 0 | 148
INTERNAL | 1741050589.7332659 | 0 | 149
RECEIVE B | 1741050589 | 0 | 151
INTERNAL | 1741050590.243357 | 0 | 152
INTERNAL | 1741050590.495473 | 0 | 153
RECEIVE B | 1741050590 | 0 | 154
RECEIVE B | 1741050590 | 0 | 156
INTERNAL | 1741050591.254614 | 0 | 157
SEND B | 1741050591.513984 | 0 | 158
INTERNAL | 1741050591.761386 | 0 | 159
INTERNAL | 1741050592.0158982 | 0 | 160
RECEIVE C | 1741050592 | 0 | 163
INTERNAL | 1741050592.517384 | 0 | 164
RECEIVE B | 1741050592 | 1 | 165
RECEIVE C | 1741050592 | 0 | 166
INTERNAL | 1741050593.2772841 | 0 | 167
SEND C | 1741050593.535399 | 0 | 168
RECEIVE B | 1741050593 | 0 | 171
SEND B | 1741050594.042968 | 0 | 172
INTERNAL | 1741050594.293442 | 0 | 173
INTERNAL | 1741050594.546527 | 0 | 174
RECEIVE B | 1741050594 | 0 | 177
INTERNAL | 1741050595.056606 | 0 | 178
RECEIVE C | 1741050595 | 0 | 180
INTERNAL | 1741050595.5614982 | 0 | 181
INTERNAL | 1741050595.815243 | 0 | 182
RECEIVE C | 1741050595 | 0 | 183
SEND C | 1741050596.324856 | 0 | 184
INTERNAL | 1741050596.577098 | 0 | 185
SEND B | 1741050596.8377228 | 0 | 186
INTERNAL | 1741050597.086276 | 0 | 187
RECEIVE C | 1741050597 | 0 | 189
RECEIVE B | 1741050597 | 0 | 190
SEND B | 1741050597.853239 | 0 | 191
SEND B | 1741050598.1082098 | 0 | 192
INTERNAL | 1741050598.3615942 | 0 | 193
INTERNAL | 1741050598.614184 | 0 | 194
SEND B | 1741050598.8716018 | 0 | 195
RECEIVE C | 1741050598 | 0 | 198
INTERNAL | 1741050599.375778 | 0 | 199
RECEIVE C | 1741050599 | 0 | 201
INTERNAL | 1741050599.881705 | 0 | 202
RECEIVE B | 1741050599 | 0 | 203
INTERNAL | 1741050600.391823 | 0 | 204
RECEIVE B | 1741050600 | 0 | 206
INTERNAL | 1741050600.899897 | 0 | 207
SEND C | 1741050601.157981 | 0 | 208
INTERNAL | 1741050601.406894 | 0 | 209
INTERNAL | 1741050601.657444 | 0 | 210
SEND C | 1741050601.916021 | 0 | 211
RECEIVE B | 1741050601 | 0 | 213
INTERNAL | 1741050602.422587 | 0 | 214
RECEIVE C | 1741050602 | 0 | 217
SEND B | 1741050602.9321442 | 0 | 218
INTERNAL | 1741050603.1780632 | 0 | 219
RECEIVE C | 1741050603 | 0 | 220
RECEIVE C | 1741050603 | 1 | 221
RECEIVE C | 1741050603 | 0 | 222
INTERNAL | 1741050604.192202 | 0 | 223
INTERNAL | 1741050604.4466171 | 0 | 224
SEND C | 1741050604.705917 | 0 | 225
SEND C | 1741050604.961104 | 0 | 226
SEND B | 1741050605.216608 | 0 | 227
RECEIVE C | 1741050605 | 0 | 230
RECEIVE C | 1741050605 | 0 | 232
INTERNAL | 1741050605.9737148 | 0 | 233
RECEIVE B | 1741050606 | 0 | 236
SEND B | 1741050606.487102 | 0 | 237
INTERNAL | 1741050606.732827 | 0 | 238
INTERNAL | 1741050606.984156 | 0 | 239
INTERNAL | 1741050607.239188 | 0 | 240
INTERNAL | 1741050607.494245 | 0 | 241
RECEIVE C | 1741050607 | 0 | 243
INTERNAL | 1741050608.0042171 | 0 | 244
INTERNAL | 1741050608.259246 | 0 | 245
INTERNAL | 1741050608.514278 | 0 | 246
SEND ALL | 1741050608.7753012 | 0 | 247
INTERNAL | 1741050609.0231712 | 0 | 248
RECEIVE B | 1741050609 | 0 | 252
SEND ALL | 1741050609.5376441 | 0 | 253
INTERNAL | 1741050609.7852979 | 0 | 254
SEND ALL | 1741050610.0465999 | 0 | 255
SEND B | 1741050610.300245 | 0 | 256
INTERNAL | 1741050610.5504372 | 0 | 257
RECEIVE C | 1741050610 | 0 | 261
SEND ALL | 1741050611.0658681 | 0 | 262
SEND ALL | 1741050611.317451 | 0 | 263
INTERNAL | 1741050611.566069 | 0 | 264
INTERNAL | 1741050611.821088 | 0 | 265
INTERNAL | 1741050612.07423 | 0 | 266
RECEIVE B | 1741050612 | 0 | 269
INTERNAL | 1741050612.581033 | 0 | 270
INTERNAL | 1741050612.8360808 | 0 | 271
RECEIVE C | 1741050613 | 0 | 274
RECEIVE C | 1741050613 | 0 | 275
INTERNAL | 1741050613.5942988 | 0 | 276
INTERNAL | 1741050613.847208 | 0 | 277
RECEIVE C | 1741050614 | 0 | 279
INTERNAL | 1741050614.355041 | 0 | 280
INTERNAL | 1741050614.6101062 | 0 | 281
RECEIVE C | 1741050614 | 1 | 282
RECEIVE B | 1741050614 | 0 | 283
RECEIVE B | 1741050615 | 0 | 285
INTERNAL | 1741050615.622796 | 0 | 286
SEND B | 1741050615.878193 | 0 | 287
RECEIVE C | 1741050616 | 0 | 290
INTERNAL | 1741050616.385961 | 0 | 291
INTERNAL | 1741050616.6410072 | 0 | 292
SEND B | 1741050616.899812 | 0 | 293
SEND C | 1741050617.152143 | 0 | 294
INTERNAL | 1741050617.4006011 | 0 | 295
SEND C | 1741050617.659484 | 0 | 296
INTERNAL | 1741050617.905647 | 0 | 297
RECEIVE C | 1741050617 | 0 | 300
INTERNAL | 1741050618.411787 | 0 | 301
INTERNAL | 1741050618.666841 | 0 | 302
RECEIVE C | 1741050618 | 0 | 305
INTERNAL | 1741050619.175165 | 0 | 306
INTERNAL | 1741050619.430231 | 0 | 307
RECEIVE C | 1741050619 | 0 | 310
SEND C | 1741050619.941059 | 0 | 311
SEND ALL | 1741050620.198076 | 0 | 312
INTERNAL | 1741050620.445627 | 0 | 313
RECEIVE B | 1741050620 | 1 | 315
RECEIVE B | 1741050620 | 0 | 316
SEND B | 1741050621.210539 | 0 | 317
INTERNAL | 1741050621.4561338 | 0 | 318
SEND B | 1741050621.7151518 | 0 | 319
RECEIVE C | 1741050621 | 0 | 322
INTERNAL | 1741050622.213967 | 0 | 323
SEND C | 1741050622.472678 | 0 | 324
RECEIVE B | 1741050622 | 0 | 326
RECEIVE B | 1741050622 | 0 | 327
INTERNAL | 1741050623.229533 | 0 | 328
RECEIVE B | 1741050623 | 0 | 330
RECEIVE C | 1741050623 | 0 | 332
INTERNAL | 1741050623.989532 | 0 | 333
SEND B | 1741050624.246279 | 0 | 334
INTERNAL | 1741050624.496532 | 0 | 335
SEND C | 1741050624.755336 | 0 | 336
INTERNAL | 1741050625.003732 | 0 | 337
RECEIVE C | 1741050625 | 0 | 340
RECEIVE B | 1741050625 | 0 | 342
INTERNAL | 1741050625.763238 | 0 | 343
SEND B | 1741050626.022082 | 0 | 344
INTERNAL | 1741050626.272288 | 0 | 345
INTERNAL | 1741050626.527331 | 0 | 346
SEND B | 1741050626.786169 | 0 | 347
RECEIVE C | 1741050626 | 0 | 351
INTERNAL | 1741050627.2906592 | 0 | 352
SEND ALL | 1741050627.549056 | 0 | 353
