Clock Rate: 6 ticks per second
----------------------------------------
INTERNAL | 1741131555.356023 | 0 | 1
INTERNAL | 1741131555.527761 | 0 | 2
INTERNAL | 1741131555.699429 | 0 | 3
SEND B | 1741131555.875266 | 0 | 4
INTERNAL | 1741131556.040286 | 0 | 5
INTERNAL | 1741131556.2119942 | 0 | 6
INTERNAL | 1741131556.3836641 | 0 | 7
RECEIVE B | 1741131556.553714 | 0 | 8
INTERNAL | 1741131556.722564 | 0 | 9
RECEIVE B | 1741131556.890827 | 0 | 10
INTERNAL | 1741131557.062504 | 0 | 11
INTERNAL | 1741131557.234218 | 0 | 12
INTERNAL | 1741131557.4033878 | 0 | 13
INTERNAL | 1741131557.5750668 | 0 | 14
RECEIVE B | 1741131557.746753 | 0 | 15
INTERNAL | 1741131557.918454 | 0 | 16
SEND B | 1741131558.093245 | 0 | 17
INTERNAL | 1741131558.261835 | 0 | 18
INTERNAL | 1741131558.433578 | 0 | 19
INTERNAL | 1741131558.601454 | 0 | 20
INTERNAL | 1741131558.7731268 | 0 | 21
INTERNAL | 1741131558.9402392 | 0 | 22
INTERNAL | 1741131559.107564 | 0 | 23
SEND C | 1741131559.278649 | 0 | 24
RECEIVE B | 1741131559.448087 | 0 | 25
SEND C | 1741131559.619914 | 0 | 26
INTERNAL | 1741131559.787484 | 0 | 27
INTERNAL | 1741131559.956948 | 0 | 28
INTERNAL | 1741131560.1286201 | 0 | 29
INTERNAL | 1741131560.3003159 | 0 | 30
INTERNAL | 1741131560.471775 | 0 | 31
SEND B | 1741131560.6457841 | 0 | 32
INTERNAL | 1741131560.813153 | 0 | 33
SEND B | 1741131560.988642 | 0 | 34
INTERNAL | 1741131561.156594 | 0 | 35
SEND ALL | 1741131561.336153 | 0 | 36
INTERNAL | 1741131561.494206 | 0 | 37
INTERNAL | 1741131561.665983 | 0 | 38
RECEIVE B | 1741131561.837615 | 0 | 39
INTERNAL | 1741131562.0095308 | 0 | 40
SEND C | 1741131562.184336 | 0 | 41
INTERNAL | 1741131562.352757 | 0 | 42
RECEIVE B | 1741131562.522571 | 0 | 43
SEND ALL | 1741131562.697212 | 0 | 44
INTERNAL | 1741131562.858271 | 0 | 45
SEND B | 1741131563.033034 | 0 | 46
INTERNAL | 1741131563.196678 | 0 | 47
SEND ALL | 1741131563.37499 | 0 | 48
INTERNAL | 1741131563.5380359 | 0 | 49
INTERNAL | 1741131563.7097468 | 0 | 50
INTERNAL | 1741131563.881471 | 0 | 51
INTERNAL | 1741131564.050275 | 0 | 52
SEND B | 1741131564.222313 | 0 | 53
SEND ALL | 1741131564.3927722 | 0 | 54
INTERNAL | 1741131564.5569222 | 0 | 55
INTERNAL | 1741131564.728638 | 0 | 56
INTERNAL | 1741131564.898402 | 0 | 57
INTERNAL | 1741131565.070101 | 0 | 58
INTERNAL | 1741131565.239636 | 0 | 59
INTERNAL | 1741131565.411375 | 0 | 60
SEND ALL | 1741131565.5890071 | 0 | 61
INTERNAL | 1741131565.7543921 | 0 | 62
INTERNAL | 1741131565.922348 | 0 | 63
SEND C | 1741131566.098697 | 0 | 64
RECEIVE B | 1741131566.260983 | 0 | 65
SEND C | 1741131566.4374762 | 0 | 66
INTERNAL | 1741131566.604425 | 0 | 67
SEND B | 1741131566.781109 | 0 | 68
INTERNAL | 1741131566.947838 | 0 | 69
INTERNAL | 1741131567.116857 | 0 | 70
INTERNAL | 1741131567.288565 | 0 | 71
INTERNAL | 1741131567.458988 | 0 | 72
INTERNAL | 1741131567.6307058 | 0 | 73
INTERNAL | 1741131567.802413 | 0 | 74
INTERNAL | 1741131567.97411 | 0 | 75
INTERNAL | 1741131568.14583 | 0 | 76
SEND B | 1741131568.31634 | 0 | 77
INTERNAL | 1741131568.484432 | 0 | 78
SEND C | 1741131568.660036 | 0 | 79
SEND B | 1741131568.8279612 | 0 | 80
SEND C | 1741131568.999536 | 0 | 81
INTERNAL | 1741131569.166986 | 0 | 82
INTERNAL | 1741131569.334604 | 0 | 83
SEND B | 1741131569.509491 | 0 | 84
INTERNAL | 1741131569.673511 | 0 | 85
INTERNAL | 1741131569.845206 | 0 | 86
INTERNAL | 1741131570.014642 | 0 | 87
INTERNAL | 1741131570.186354 | 0 | 88
RECEIVE B | 1741131570.353345 | 0 | 89
SEND C | 1741131570.5241332 | 0 | 90
INTERNAL | 1741131570.68879 | 0 | 91
INTERNAL | 1741131570.8563688 | 0 | 92
RECEIVE B | 1741131571.024786 | 0 | 93
INTERNAL | 1741131571.196544 | 0 | 94
RECEIVE B | 1741131571.368242 | 0 | 95
SEND B | 1741131571.5410528 | 0 | 96
INTERNAL | 1741131571.7069068 | 0 | 97
INTERNAL | 1741131571.875697 | 0 | 98
RECEIVE B | 1741131572.0473988 | 0 | 99
INTERNAL | 1741131572.219126 | 0 | 100
INTERNAL | 1741131572.390808 | 0 | 101
INTERNAL | 1741131572.558444 | 0 | 102
INTERNAL | 1741131572.7301838 | 0 | 103
SEND ALL | 1741131572.908757 | 0 | 104
INTERNAL | 1741131573.072795 | 0 | 105
SEND C | 1741131573.248369 | 0 | 106
INTERNAL | 1741131573.412541 | 0 | 107
INTERNAL | 1741131573.579625 | 0 | 108
INTERNAL | 1741131573.751343 | 0 | 109
INTERNAL | 1741131573.922343 | 0 | 110
INTERNAL | 1741131574.090118 | 0 | 111
SEND C | 1741131574.266785 | 0 | 112
INTERNAL | 1741131574.430712 | 0 | 113
INTERNAL | 1741131574.602438 | 0 | 114
SEND ALL | 1741131574.7821472 | 0 | 115
INTERNAL | 1741131574.9415061 | 0 | 116
INTERNAL | 1741131575.113235 | 0 | 117
INTERNAL | 1741131575.284956 | 0 | 118
SEND C | 1741131575.46075 | 0 | 119
RECEIVE B | 1741131575.623899 | 0 | 120
INTERNAL | 1741131575.795542 | 0 | 121
INTERNAL | 1741131575.9672582 | 0 | 122
INTERNAL | 1741131576.138947 | 0 | 123
RECEIVE B | 1741131576.3104389 | 0 | 124
SEND ALL | 1741131576.488857 | 0 | 125
INTERNAL | 1741131576.653861 | 0 | 126
INTERNAL | 1741131576.825569 | 0 | 127
SEND ALL | 1741131576.9980512 | 0 | 128
SEND ALL | 1741131577.1729128 | 0 | 129
SEND B | 1741131577.341762 | 0 | 130
SEND C | 1741131577.513684 | 0 | 131
INTERNAL | 1741131577.681391 | 0 | 132
INTERNAL | 1741131577.8531442 | 0 | 133
INTERNAL | 1741131578.022319 | 0 | 134
INTERNAL | 1741131578.192606 | 0 | 135
INTERNAL | 1741131578.364419 | 0 | 136
SEND C | 1741131578.538256 | 0 | 137
INTERNAL | 1741131578.707791 | 0 | 138
SEND ALL | 1741131578.886351 | 0 | 139
INTERNAL | 1741131579.051202 | 0 | 140
SEND C | 1741131579.225879 | 0 | 141
INTERNAL | 1741131579.389196 | 0 | 142
INTERNAL | 1741131579.556711 | 0 | 143
SEND C | 1741131579.732942 | 0 | 144
INTERNAL | 1741131579.899918 | 0 | 145
INTERNAL | 1741131580.071584 | 0 | 146
INTERNAL | 1741131580.239989 | 0 | 147
RECEIVE B | 1741131580.408375 | 0 | 148
SEND B | 1741131580.581525 | 0 | 149
SEND B | 1741131580.7530408 | 0 | 150
SEND B | 1741131580.921667 | 0 | 151
INTERNAL | 1741131581.089612 | 0 | 152
INTERNAL | 1741131581.261303 | 0 | 153
INTERNAL | 1741131581.4313118 | 0 | 154
INTERNAL | 1741131581.600374 | 0 | 155
INTERNAL | 1741131581.772095 | 0 | 156
SEND B | 1741131581.9470809 | 0 | 157
INTERNAL | 1741131582.1096761 | 0 | 158
INTERNAL | 1741131582.280592 | 0 | 159
INTERNAL | 1741131582.4491022 | 0 | 160
INTERNAL | 1741131582.6208231 | 0 | 161
RECEIVE B | 1741131582.791185 | 0 | 162
SEND ALL | 1741131582.969661 | 0 | 163
INTERNAL | 1741131583.130626 | 0 | 164
INTERNAL | 1741131583.298133 | 0 | 165
INTERNAL | 1741131583.46854 | 0 | 166
INTERNAL | 1741131583.639173 | 0 | 167
INTERNAL | 1741131583.8066602 | 0 | 168
INTERNAL | 1741131583.977483 | 0 | 169
INTERNAL | 1741131584.145298 | 0 | 170
INTERNAL | 1741131584.317007 | 0 | 171
INTERNAL | 1741131584.488713 | 0 | 172
INTERNAL | 1741131584.6604512 | 0 | 173
SEND ALL | 1741131584.8394601 | 0 | 174
SEND C | 1741131585.00617 | 0 | 175
SEND C | 1741131585.179414 | 0 | 176
SEND C | 1741131585.3510442 | 0 | 177
INTERNAL | 1741131585.518977 | 0 | 178
INTERNAL | 1741131585.6906838 | 0 | 179
SEND ALL | 1741131585.8685791 | 0 | 180
INTERNAL | 1741131586.031161 | 0 | 181
INTERNAL | 1741131586.202894 | 0 | 182
INTERNAL | 1741131586.373307 | 0 | 183
RECEIVE B | 1741131586.5426078 | 0 | 184
SEND C | 1741131586.716311 | 0 | 185
RECEIVE B | 1741131586.885996 | 0 | 186
INTERNAL | 1741131587.0566301 | 0 | 187
INTERNAL | 1741131587.22833 | 0 | 188
INTERNAL | 1741131587.400053 | 0 | 189
INTERNAL | 1741131587.568237 | 0 | 190
INTERNAL | 1741131587.7364962 | 0 | 191
INTERNAL | 1741131587.903455 | 0 | 192
SEND C | 1741131588.07887 | 0 | 193
INTERNAL | 1741131588.244992 | 0 | 194
SEND B | 1741131588.42085 | 0 | 195
RECEIVE B | 1741131588.588296 | 0 | 196
SEND C | 1741131588.760889 | 0 | 197
INTERNAL | 1741131588.928305 | 0 | 198
SEND C | 1741131589.1006532 | 0 | 199
SEND C | 1741131589.268597 | 0 | 200
SEND B | 1741131589.4396522 | 0 | 201
INTERNAL | 1741131589.607303 | 0 | 202
INTERNAL | 1741131589.776396 | 0 | 203
INTERNAL | 1741131589.9471848 | 0 | 204
RECEIVE B | 1741131590.118891 | 0 | 205
INTERNAL | 1741131590.2899232 | 0 | 206
INTERNAL | 1741131590.460027 | 0 | 207
INTERNAL | 1741131590.631763 | 0 | 208
INTERNAL | 1741131590.8034408 | 0 | 209
INTERNAL | 1741131590.9702148 | 0 | 210
SEND ALL | 1741131591.146081 | 0 | 211
INTERNAL | 1741131591.311608 | 0 | 212
SEND C | 1741131591.486912 | 0 | 213
INTERNAL | 1741131591.654994 | 0 | 214
SEND B | 1741131591.827627 | 0 | 215
INTERNAL | 1741131591.99003 | 0 | 216
INTERNAL | 1741131592.161748 | 0 | 217
INTERNAL | 1741131592.333466 | 0 | 218
INTERNAL | 1741131592.502671 | 0 | 219
SEND C | 1741131592.6776168 | 0 | 220
INTERNAL | 1741131592.841415 | 0 | 221
INTERNAL | 1741131593.009111 | 0 | 222
RECEIVE B | 1741131593.180871 | 0 | 223
INTERNAL | 1741131593.3525708 | 0 | 224
INTERNAL | 1741131593.520524 | 0 | 225
SEND B | 1741131593.69553 | 0 | 226
INTERNAL | 1741131593.8616178 | 0 | 227
SEND ALL | 1741131594.038081 | 0 | 228
SEND B | 1741131594.208674 | 0 | 229
INTERNAL | 1741131594.3767629 | 0 | 230
SEND C | 1741131594.547767 | 0 | 231
INTERNAL | 1741131594.7143822 | 0 | 232
INTERNAL | 1741131594.88608 | 0 | 233
SEND C | 1741131595.0599859 | 0 | 234
SEND C | 1741131595.2324789 | 0 | 235
SEND C | 1741131595.4014668 | 0 | 236
SEND ALL | 1741131595.572017 | 0 | 237
INTERNAL | 1741131595.736285 | 0 | 238
INTERNAL | 1741131595.9079869 | 0 | 239
INTERNAL | 1741131596.079697 | 0 | 240
SEND C | 1741131596.250738 | 0 | 241
INTERNAL | 1741131596.4187799 | 0 | 242
SEND C | 1741131596.595478 | 0 | 243
INTERNAL | 1741131596.7622101 | 0 | 244
SEND C | 1741131596.9383879 | 0 | 245
SEND B | 1741131597.103925 | 0 | 246
INTERNAL | 1741131597.273241 | 0 | 247
INTERNAL | 1741131597.441322 | 0 | 248
SEND ALL | 1741131597.619572 | 0 | 249
INTERNAL | 1741131597.784723 | 0 | 250
INTERNAL | 1741131597.955431 | 0 | 251
INTERNAL | 1741131598.122428 | 0 | 252
INTERNAL | 1741131598.289773 | 0 | 253
INTERNAL | 1741131598.4614599 | 0 | 254
SEND ALL | 1741131598.6338959 | 0 | 255
INTERNAL | 1741131598.801952 | 0 | 256
INTERNAL | 1741131598.973672 | 0 | 257
INTERNAL | 1741131599.145379 | 0 | 258
SEND C | 1741131599.317763 | 0 | 259
SEND ALL | 1741131599.490216 | 0 | 260
SEND C | 1741131599.6568708 | 0 | 261
INTERNAL | 1741131599.822565 | 0 | 262
SEND B | 1741131599.993176 | 0 | 263
INTERNAL | 1741131600.158519 | 0 | 264
INTERNAL | 1741131600.330218 | 0 | 265
INTERNAL | 1741131600.5019252 | 0 | 266
INTERNAL | 1741131600.672082 | 0 | 267
INTERNAL | 1741131600.842124 | 0 | 268
SEND ALL | 1741131601.019285 | 0 | 269
INTERNAL | 1741131601.183428 | 0 | 270
INTERNAL | 1741131601.355123 | 0 | 271
SEND C | 1741131601.531222 | 0 | 272
SEND B | 1741131601.699789 | 0 | 273
INTERNAL | 1741131601.869319 | 0 | 274
SEND ALL | 1741131602.039275 | 0 | 275
SEND ALL | 1741131602.211484 | 0 | 276
INTERNAL | 1741131602.378232 | 0 | 277
INTERNAL | 1741131602.5494132 | 0 | 278
SEND B | 1741131602.7240598 | 0 | 279
INTERNAL | 1741131602.88607 | 0 | 280
INTERNAL | 1741131603.0553799 | 0 | 281
INTERNAL | 1741131603.22621 | 0 | 282
RECEIVE B | 1741131603.3979142 | 0 | 283
INTERNAL | 1741131603.567935 | 0 | 284
INTERNAL | 1741131603.739677 | 0 | 285
INTERNAL | 1741131603.9072561 | 0 | 286
INTERNAL | 1741131604.079007 | 0 | 287
INTERNAL | 1741131604.24813 | 0 | 288
INTERNAL | 1741131604.419809 | 0 | 289
INTERNAL | 1741131604.591566 | 0 | 290
INTERNAL | 1741131604.7632582 | 0 | 291
SEND C | 1741131604.9380622 | 0 | 292
INTERNAL | 1741131605.105373 | 0 | 293
SEND C | 1741131605.281418 | 0 | 294
INTERNAL | 1741131605.4453351 | 0 | 295
INTERNAL | 1741131605.6170628 | 0 | 296
INTERNAL | 1741131605.78454 | 0 | 297
RECEIVE B | 1741131605.956295 | 0 | 298
INTERNAL | 1741131606.124372 | 0 | 299
RECEIVE B | 1741131606.294394 | 0 | 300
INTERNAL | 1741131606.4642591 | 0 | 301
SEND C | 1741131606.636239 | 0 | 302
INTERNAL | 1741131606.801897 | 0 | 303
INTERNAL | 1741131606.9731169 | 0 | 304
INTERNAL | 1741131607.1448572 | 0 | 305
SEND B | 1741131607.317111 | 0 | 306
SEND C | 1741131607.489535 | 0 | 307
INTERNAL | 1741131607.6562262 | 0 | 308
INTERNAL | 1741131607.8271081 | 0 | 309
SEND C | 1741131608.00094 | 0 | 310
INTERNAL | 1741131608.1705039 | 0 | 311
INTERNAL | 1741131608.339774 | 0 | 312
SEND B | 1741131608.526687 | 0 | 313
INTERNAL | 1741131608.6892312 | 0 | 314
INTERNAL | 1741131608.8563788 | 0 | 315
RECEIVE B | 1741131609.0281138 | 0 | 316
SEND C | 1741131609.199492 | 0 | 317
INTERNAL | 1741131609.363488 | 0 | 318
INTERNAL | 1741131609.532562 | 0 | 319
RECEIVE B | 1741131609.701878 | 0 | 320
INTERNAL | 1741131609.8736079 | 0 | 321
INTERNAL | 1741131610.045258 | 0 | 322
INTERNAL | 1741131610.216979 | 0 | 323
SEND B | 1741131610.3894458 | 0 | 324
SEND C | 1741131610.564241 | 0 | 325
INTERNAL | 1741131610.726519 | 0 | 326
SEND B | 1741131610.896767 | 0 | 327
INTERNAL | 1741131611.066376 | 0 | 328
INTERNAL | 1741131611.2346292 | 0 | 329
RECEIVE B | 1741131611.4026392 | 0 | 330
SEND B | 1741131611.578021 | 0 | 331
INTERNAL | 1741131611.74475 | 0 | 332
INTERNAL | 1741131611.916436 | 0 | 333
INTERNAL | 1741131612.088136 | 0 | 334
SEND B | 1741131612.264239 | 0 | 335
INTERNAL | 1741131612.431558 | 0 | 336
INTERNAL | 1741131612.603227 | 0 | 337
INTERNAL | 1741131612.7731462 | 0 | 338
INTERNAL | 1741131612.940487 | 0 | 339
SEND ALL | 1741131613.132975 | 0 | 340
SEND B | 1741131613.285822 | 0 | 341
INTERNAL | 1741131613.454131 | 0 | 342
INTERNAL | 1741131613.62582 | 0 | 343
INTERNAL | 1741131613.7975261 | 0 | 344
INTERNAL | 1741131613.969218 | 0 | 345
SEND ALL | 1741131614.145565 | 0 | 346
SEND ALL | 1741131614.317148 | 0 | 347
INTERNAL | 1741131614.480314 | 0 | 348
INTERNAL | 1741131614.6520672 | 0 | 349
INTERNAL | 1741131614.822999 | 0 | 350
INTERNAL | 1741131614.9946969 | 0 | 351
INTERNAL | 1741131615.166419 | 0 | 352
SEND B | 1741131615.342907 | 0 | 353
INTERNAL | 1741131615.505822 | 0 | 354
SEND C | 1741131615.677622 | 0 | 355
INTERNAL | 1741131615.842127 | 0 | 356
INTERNAL | 1741131616.013875 | 0 | 357
INTERNAL | 1741131616.1856372 | 0 | 358
INTERNAL | 1741131616.354937 | 0 | 359
INTERNAL | 1741131616.525368 | 0 | 360
SEND ALL | 1741131616.703686 | 0 | 361
SEND ALL | 1741131616.8745458 | 0 | 362
SEND B | 1741131617.042433 | 0 | 363
SEND B | 1741131617.214962 | 0 | 364
INTERNAL | 1741131617.382796 | 0 | 365
INTERNAL | 1741131617.549821 | 0 | 366
INTERNAL | 1741131617.7215302 | 0 | 367
SEND C | 1741131617.8974478 | 0 | 368
INTERNAL | 1741131618.0627542 | 0 | 369
INTERNAL | 1741131618.2319732 | 0 | 370
SEND B | 1741131618.408109 | 0 | 371
INTERNAL | 1741131618.572972 | 0 | 372
INTERNAL | 1741131618.744683 | 0 | 373
INTERNAL | 1741131618.915398 | 0 | 374
INTERNAL | 1741131619.087092 | 0 | 375
SEND B | 1741131619.263784 | 0 | 376
INTERNAL | 1741131619.426523 | 0 | 377
INTERNAL | 1741131619.597436 | 0 | 378
INTERNAL | 1741131619.767061 | 0 | 379
SEND B | 1741131619.939324 | 0 | 380
INTERNAL | 1741131620.102078 | 0 | 381
SEND C | 1741131620.278215 | 0 | 382
