Clock Rate: 3 ticks per second
----------------------------------------
INTERNAL | 1741131154.015713 | 0 | 1
INTERNAL | 1741131154.349765 | 0 | 2
INTERNAL | 1741131154.68508 | 0 | 3
SEND B | 1741131155.0266628 | 0 | 4
INTERNAL | 1741131155.36186 | 0 | 5
INTERNAL | 1741131155.698584 | 0 | 6
INTERNAL | 1741131156.033215 | 0 | 7
INTERNAL | 1741131156.367396 | 0 | 8
RECEIVE C | 1741131156.701035 | 0 | 9
SEND B | 1741131157.042537 | 0 | 10
INTERNAL | 1741131157.377763 | 0 | 11
RECEIVE C | 1741131157.7158651 | 0 | 12
INTERNAL | 1741131158.053977 | 0 | 13
INTERNAL | 1741131158.3923368 | 0 | 14
INTERNAL | 1741131158.730724 | 0 | 15
INTERNAL | 1741131159.065272 | 0 | 16
SEND C | 1741131159.406718 | 0 | 17
SEND B | 1741131159.74372 | 0 | 18
SEND C | 1741131160.08267 | 0 | 19
INTERNAL | 1741131160.417396 | 0 | 20
SEND ALL | 1741131160.76074 | 0 | 21
INTERNAL | 1741131161.0934558 | 0 | 22
INTERNAL | 1741131161.430196 | 0 | 23
INTERNAL | 1741131161.768637 | 0 | 24
SEND ALL | 1741131162.1137018 | 0 | 25
SEND C | 1741131162.448357 | 0 | 26
INTERNAL | 1741131162.7836952 | 0 | 27
INTERNAL | 1741131163.1220858 | 0 | 28
INTERNAL | 1741131163.460454 | 0 | 29
SEND B | 1741131163.803793 | 0 | 30
INTERNAL | 1741131164.1334279 | 0 | 31
INTERNAL | 1741131164.467542 | 0 | 32
INTERNAL | 1741131164.8038552 | 0 | 33
INTERNAL | 1741131165.1422029 | 0 | 34
INTERNAL | 1741131165.479536 | 0 | 35
INTERNAL | 1741131165.8149068 | 0 | 36
INTERNAL | 1741131166.153314 | 0 | 37
INTERNAL | 1741131166.491471 | 0 | 38
INTERNAL | 1741131166.82983 | 0 | 39
INTERNAL | 1741131167.166469 | 0 | 40
SEND B | 1741131167.509096 | 0 | 41
INTERNAL | 1741131167.839401 | 0 | 42
INTERNAL | 1741131168.177776 | 0 | 43
INTERNAL | 1741131168.5161548 | 0 | 44
RECEIVE C | 1741131168.854526 | 0 | 45
INTERNAL | 1741131169.189266 | 0 | 46
SEND B | 1741131169.5293021 | 0 | 47
INTERNAL | 1741131169.865997 | 0 | 48
INTERNAL | 1741131170.199759 | 0 | 49
INTERNAL | 1741131170.5381608 | 0 | 50
RECEIVE B | 1741131170.875838 | 0 | 51
INTERNAL | 1741131171.2116401 | 0 | 52
INTERNAL | 1741131171.5500329 | 0 | 53
INTERNAL | 1741131171.888364 | 0 | 54
INTERNAL | 1741131172.226779 | 0 | 55
INTERNAL | 1741131172.5625222 | 0 | 56
SEND B | 1741131172.901284 | 0 | 57
INTERNAL | 1741131173.233088 | 0 | 58
INTERNAL | 1741131173.56706 | 0 | 59
RECEIVE C | 1741131173.90269 | 0 | 60
INTERNAL | 1741131174.2380521 | 0 | 61
INTERNAL | 1741131174.5764322 | 0 | 62
INTERNAL | 1741131174.914809 | 0 | 63
SEND ALL | 1741131175.258401 | 0 | 64
INTERNAL | 1741131175.591071 | 0 | 65
SEND C | 1741131175.933822 | 0 | 66
INTERNAL | 1741131176.267804 | 0 | 67
INTERNAL | 1741131176.606208 | 0 | 68
RECEIVE B | 1741131176.943645 | 0 | 69
SEND ALL | 1741131177.287453 | 0 | 70
INTERNAL | 1741131177.620419 | 0 | 71
INTERNAL | 1741131177.958792 | 0 | 72
INTERNAL | 1741131178.292366 | 0 | 73
SEND B | 1741131178.6346061 | 0 | 74
INTERNAL | 1741131178.968659 | 0 | 75
SEND ALL | 1741131179.312701 | 0 | 76
INTERNAL | 1741131179.645385 | 0 | 77
SEND B | 1741131179.9867609 | 0 | 78
SEND ALL | 1741131180.3273091 | 0 | 79
SEND B | 1741131180.659921 | 0 | 80
INTERNAL | 1741131180.994331 | 0 | 81
INTERNAL | 1741131181.332716 | 0 | 82
INTERNAL | 1741131181.671062 | 0 | 83
INTERNAL | 1741131182.005694 | 0 | 84
INTERNAL | 1741131182.3399858 | 0 | 85
INTERNAL | 1741131182.678338 | 0 | 86
INTERNAL | 1741131183.016732 | 0 | 87
INTERNAL | 1741131183.355123 | 0 | 88
INTERNAL | 1741131183.693465 | 0 | 89
INTERNAL | 1741131184.0318642 | 0 | 90
INTERNAL | 1741131184.370216 | 0 | 91
INTERNAL | 1741131184.704871 | 0 | 92
SEND C | 1741131185.046207 | 0 | 93
INTERNAL | 1741131185.3816261 | 0 | 94
SEND B | 1741131185.719491 | 0 | 95
INTERNAL | 1741131186.051701 | 0 | 96
INTERNAL | 1741131186.3860831 | 0 | 97
RECEIVE C | 1741131186.7244558 | 0 | 98
RECEIVE B | 1741131187.058327 | 0 | 99
INTERNAL | 1741131187.392417 | 0 | 100
INTERNAL | 1741131187.7308118 | 0 | 101
RECEIVE B | 1741131188.069172 | 0 | 102
SEND C | 1741131188.410654 | 0 | 103
INTERNAL | 1741131188.7459378 | 0 | 104
INTERNAL | 1741131189.08427 | 0 | 105
SEND ALL | 1741131189.427563 | 0 | 106
INTERNAL | 1741131189.7562099 | 0 | 107
INTERNAL | 1741131190.094599 | 0 | 108
INTERNAL | 1741131190.432221 | 0 | 109
SEND ALL | 1741131190.77648 | 0 | 110
SEND C | 1741131191.1102688 | 0 | 111
INTERNAL | 1741131191.446479 | 0 | 112
SEND ALL | 1741131191.789796 | 0 | 113
SEND ALL | 1741131192.128671 | 0 | 114
INTERNAL | 1741131192.4590652 | 0 | 115
INTERNAL | 1741131192.797461 | 0 | 116
INTERNAL | 1741131193.135825 | 0 | 117
SEND B | 1741131193.477577 | 0 | 118
INTERNAL | 1741131193.8125691 | 0 | 119
INTERNAL | 1741131194.150947 | 0 | 120
INTERNAL | 1741131194.487648 | 0 | 121
INTERNAL | 1741131194.821832 | 0 | 122
INTERNAL | 1741131195.156676 | 0 | 123
INTERNAL | 1741131195.495054 | 0 | 124
INTERNAL | 1741131195.8334131 | 0 | 125
SEND C | 1741131196.1725938 | 0 | 126
SEND C | 1741131196.510219 | 0 | 127
SEND C | 1741131196.845854 | 0 | 128
INTERNAL | 1741131197.175615 | 0 | 129
INTERNAL | 1741131197.513238 | 0 | 130
INTERNAL | 1741131197.851598 | 0 | 131
SEND B | 1741131198.193557 | 0 | 132
INTERNAL | 1741131198.528338 | 0 | 133
SEND B | 1741131198.868908 | 0 | 134
SEND ALL | 1741131199.211385 | 0 | 135
INTERNAL | 1741131199.539857 | 0 | 136
INTERNAL | 1741131199.8782148 | 0 | 137
INTERNAL | 1741131200.216606 | 0 | 138
SEND C | 1741131200.553982 | 0 | 139
SEND B | 1741131200.8882382 | 0 | 140
INTERNAL | 1741131201.224025 | 0 | 141
INTERNAL | 1741131201.562401 | 0 | 142
RECEIVE C | 1741131201.89999 | 0 | 143
INTERNAL | 1741131202.238424 | 0 | 144
SEND ALL | 1741131202.580145 | 0 | 145
INTERNAL | 1741131202.9136949 | 0 | 146
SEND C | 1741131203.254037 | 0 | 147
INTERNAL | 1741131203.588177 | 0 | 148
RECEIVE B | 1741131203.9265301 | 0 | 149
SEND ALL | 1741131204.270028 | 0 | 150
SEND C | 1741131204.601311 | 0 | 151
INTERNAL | 1741131204.936369 | 0 | 152
INTERNAL | 1741131205.274753 | 0 | 153
INTERNAL | 1741131205.6131048 | 0 | 154
INTERNAL | 1741131205.948101 | 0 | 155
SEND ALL | 1741131206.289299 | 0 | 156
INTERNAL | 1741131206.622236 | 0 | 157
INTERNAL | 1741131206.9606242 | 0 | 158
SEND ALL | 1741131207.301964 | 0 | 159
SEND ALL | 1741131207.637759 | 0 | 160
INTERNAL | 1741131207.9706008 | 0 | 161
INTERNAL | 1741131208.308224 | 0 | 162
INTERNAL | 1741131208.645688 | 0 | 163
INTERNAL | 1741131208.984055 | 0 | 164
INTERNAL | 1741131209.322073 | 0 | 165
INTERNAL | 1741131209.6604202 | 0 | 166
INTERNAL | 1741131209.998857 | 0 | 167
INTERNAL | 1741131210.3372412 | 0 | 168
INTERNAL | 1741131210.675603 | 0 | 169
INTERNAL | 1741131211.013984 | 0 | 170
INTERNAL | 1741131211.3485398 | 0 | 171
INTERNAL | 1741131211.686937 | 0 | 172
RECEIVE B | 1741131212.024723 | 0 | 173
INTERNAL | 1741131212.363088 | 0 | 174
SEND B | 1741131212.702891 | 0 | 175
INTERNAL | 1741131213.039841 | 0 | 176
INTERNAL | 1741131213.3754911 | 0 | 177
INTERNAL | 1741131213.7132149 | 0 | 178
INTERNAL | 1741131214.051608 | 0 | 179
INTERNAL | 1741131214.389971 | 0 | 180
SEND ALL | 1741131214.7269251 | 0 | 181
SEND B | 1741131215.06544 | 0 | 182
INTERNAL | 1741131215.401042 | 0 | 183
SEND C | 1741131215.742145 | 0 | 184
INTERNAL | 1741131216.077767 | 0 | 185
SEND C | 1741131216.418453 | 0 | 186
INTERNAL | 1741131216.7535858 | 0 | 187
INTERNAL | 1741131217.0919511 | 0 | 188
INTERNAL | 1741131217.430305 | 0 | 189
SEND C | 1741131217.7705011 | 0 | 190
SEND C | 1741131218.1111412 | 0 | 191
SEND C | 1741131218.44859 | 0 | 192
SEND C | 1741131218.788013 | 0 | 193
