INTERNAL | 1740945498.748735 | 0 | 1
SEND ALL | 1740945498.924714 | 0 | 2
INTERNAL | 1740945499.097087 | 0 | 3
INTERNAL | 1740945499.266769 | 0 | 4
INTERNAL | 1740945499.4351518 | 0 | 5
SEND 50053 | 1740945499.60959 | 0 | 6
INTERNAL | 1740945499.778881 | 0 | 7
SEND ALL | 1740945499.954617 | 0 | 8
SEND 50053 | 1740945500.132736 | 0 | 9
SEND 50053 | 1740945500.31109 | 0 | 10
INTERNAL | 1740945500.481374 | 0 | 11
SEND 50051 | 1740945500.65457 | 0 | 12
INTERNAL | 1740945500.824481 | 0 | 13
INTERNAL | 1740945500.9963572 | 0 | 14
INTERNAL | 1740945501.168519 | 0 | 15
INTERNAL | 1740945501.33969 | 0 | 16
INTERNAL | 1740945501.511817 | 0 | 17
INTERNAL | 1740945501.679469 | 0 | 18
INTERNAL | 1740945501.851439 | 0 | 19
INTERNAL | 1740945502.023642 | 0 | 20
INTERNAL | 1740945502.194614 | 0 | 21
INTERNAL | 1740945502.364457 | 0 | 22
SEND 50053 | 1740945502.542449 | 0 | 23
INTERNAL | 1740945502.712301 | 0 | 24
SEND ALL | 1740945502.891298 | 0 | 25
INTERNAL | 1740945503.063433 | 0 | 26
INTERNAL | 1740945503.235754 | 0 | 27
RECEIVE C | 1740945503 | 0 | 29
INTERNAL | 1740945503.580171 | 0 | 30
