Clock Rate: 6 ticks per second
----------------------------------------
INTERNAL | 1741107276.057298 | 0 | 1
SEND C | 1741107276.2310112 | 0 | 2
INTERNAL | 1741107276.3960268 | 0 | 3
INTERNAL | 1741107276.567734 | 0 | 4
INTERNAL | 1741107276.73558 | 0 | 5
INTERNAL | 1741107276.90727 | 0 | 6
INTERNAL | 1741107277.07802 | 0 | 7
SEND C | 1741107277.251829 | 0 | 8
INTERNAL | 1741107277.42143 | 0 | 9
SEND A | 1741107277.5970838 | 0 | 10
INTERNAL | 1741107277.764926 | 0 | 11
INTERNAL | 1741107277.936629 | 0 | 12
INTERNAL | 1741107278.104633 | 0 | 13
SEND ALL | 1741107278.281346 | 0 | 14
SEND A | 1741107278.44509 | 0 | 15
INTERNAL | 1741107278.6151948 | 0 | 16
INTERNAL | 1741107278.786737 | 0 | 17
SEND ALL | 1741107278.9608698 | 0 | 18
SEND ALL | 1741107279.132926 | 0 | 19
SEND C | 1741107279.301408 | 0 | 20
INTERNAL | 1741107279.468161 | 0 | 21
INTERNAL | 1741107279.639877 | 0 | 22
INTERNAL | 1741107279.8070972 | 0 | 23
INTERNAL | 1741107279.978258 | 0 | 24
INTERNAL | 1741107280.1496 | 0 | 25
INTERNAL | 1741107280.321308 | 0 | 26
RECEIVE C | 1741107280.49176 | 0 | 27
INTERNAL | 1741107280.6603909 | 0 | 28
INTERNAL | 1741107280.832088 | 0 | 29
INTERNAL | 1741107281.003784 | 0 | 30
SEND C | 1741107281.180774 | 0 | 31
SEND C | 1741107281.351577 | 0 | 32
SEND A | 1741107281.517528 | 0 | 33
RECEIVE C | 1741107281.6857479 | 0 | 35.0
RECEIVE C | 1741107281.854945 | 0 | 36.0
INTERNAL | 1741107282.026658 | 0 | 37.0
INTERNAL | 1741107282.1983519 | 0 | 38.0
SEND A | 1741107282.37319 | 0 | 39.0
RECEIVE C | 1741107282.537531 | 0 | 40.0
SEND A | 1741107282.709585 | 0 | 41.0
RECEIVE C | 1741107282.877162 | 0 | 42.0
RECEIVE C | 1741107283.0489259 | 0 | 43.0
SEND C | 1741107283.222861 | 0 | 44.0
SEND A | 1741107283.396644 | 0 | 45.0
INTERNAL | 1741107283.563315 | 0 | 46.0
INTERNAL | 1741107283.73502 | 0 | 47.0
INTERNAL | 1741107283.902993 | 0 | 48.0
INTERNAL | 1741107284.073828 | 0 | 49.0
SEND A | 1741107284.2461529 | 0 | 50.0
RECEIVE C | 1741107284.4084082 | 0 | 52.0
SEND A | 1741107284.582004 | 0 | 53.0
INTERNAL | 1741107284.74929 | 0 | 54.0
RECEIVE C | 1741107284.916505 | 0 | 55.0
INTERNAL | 1741107285.085053 | 0 | 56.0
INTERNAL | 1741107285.254668 | 0 | 57.0
INTERNAL | 1741107285.424832 | 0 | 58.0
INTERNAL | 1741107285.593475 | 0 | 59.0
INTERNAL | 1741107285.761944 | 0 | 60.0
RECEIVE C | 1741107285.9334831 | 0 | 61.0
RECEIVE C | 1741107286.10523 | 0 | 62.0
INTERNAL | 1741107286.276948 | 0 | 63.0
SEND ALL | 1741107286.454132 | 0 | 64.0
INTERNAL | 1741107286.6156569 | 0 | 65.0
RECEIVE C | 1741107286.784744 | 0 | 67.0
INTERNAL | 1741107286.956484 | 0 | 68.0
INTERNAL | 1741107287.127203 | 0 | 69.0
SEND ALL | 1741107287.304702 | 0 | 70.0
INTERNAL | 1741107287.467503 | 0 | 71.0
INTERNAL | 1741107287.639213 | 0 | 72.0
INTERNAL | 1741107287.810884 | 0 | 73.0
SEND C | 1741107287.9846861 | 0 | 74.0
INTERNAL | 1741107288.154274 | 0 | 75.0
INTERNAL | 1741107288.324032 | 0 | 76.0
INTERNAL | 1741107288.495767 | 0 | 77.0
INTERNAL | 1741107288.66355 | 0 | 78.0
INTERNAL | 1741107288.8352692 | 0 | 79.0
RECEIVE C | 1741107289.007294 | 0 | 81.0
INTERNAL | 1741107289.1761868 | 0 | 82.0
SEND C | 1741107289.35278 | 0 | 83.0
INTERNAL | 1741107289.519596 | 0 | 84.0
INTERNAL | 1741107289.691298 | 0 | 85.0
INTERNAL | 1741107289.8629959 | 0 | 86.0
INTERNAL | 1741107290.034724 | 0 | 87.0
INTERNAL | 1741107290.205452 | 0 | 88.0
INTERNAL | 1741107290.377171 | 0 | 89.0
RECEIVE C | 1741107290.547093 | 0 | 91.0
SEND ALL | 1741107290.724861 | 1 | 92.0
RECEIVE C | 1741107290.890444 | 0 | 93.0
INTERNAL | 1741107291.0613492 | 0 | 94.0
INTERNAL | 1741107291.232169 | 0 | 95.0
INTERNAL | 1741107291.401561 | 0 | 96.0
INTERNAL | 1741107291.57214 | 0 | 97.0
INTERNAL | 1741107291.7438378 | 0 | 98.0
INTERNAL | 1741107291.913464 | 0 | 99.0
INTERNAL | 1741107292.085172 | 0 | 100.0
INTERNAL | 1741107292.256881 | 0 | 101.0
SEND C | 1741107292.4280581 | 1 | 102.0
RECEIVE C | 1741107292.594197 | 0 | 103.0
SEND A | 1741107292.770323 | 0 | 104.0
INTERNAL | 1741107292.9376152 | 0 | 105.0
INTERNAL | 1741107293.105597 | 0 | 106.0
RECEIVE C | 1741107293.274843 | 0 | 107.0
INTERNAL | 1741107293.446555 | 0 | 108.0
INTERNAL | 1741107293.618253 | 0 | 109.0
INTERNAL | 1741107293.788805 | 0 | 110.0
INTERNAL | 1741107293.96049 | 0 | 111.0
INTERNAL | 1741107294.130122 | 0 | 112.0
RECEIVE C | 1741107294.301787 | 0 | 114.0
INTERNAL | 1741107294.471097 | 0 | 115.0
INTERNAL | 1741107294.638942 | 0 | 116.0
INTERNAL | 1741107294.806156 | 0 | 117.0
INTERNAL | 1741107294.974494 | 0 | 118.0
INTERNAL | 1741107295.146216 | 0 | 119.0
INTERNAL | 1741107295.3178911 | 0 | 120.0
INTERNAL | 1741107295.4854 | 0 | 121.0
INTERNAL | 1741107295.657114 | 0 | 122.0
INTERNAL | 1741107295.828824 | 0 | 123.0
SEND ALL | 1741107296.003975 | 0 | 124.0
INTERNAL | 1741107296.172241 | 0 | 125.0
SEND ALL | 1741107296.350226 | 0 | 126.0
SEND C | 1741107296.5156748 | 0 | 127.0
SEND A | 1741107296.689095 | 0 | 128.0
INTERNAL | 1741107296.856951 | 0 | 129.0
RECEIVE C | 1741107297.026214 | 0 | 130.0
RECEIVE C | 1741107297.1941519 | 0 | 131.0
INTERNAL | 1741107297.3658519 | 0 | 132.0
INTERNAL | 1741107297.533754 | 0 | 133.0
INTERNAL | 1741107297.7034 | 0 | 134.0
INTERNAL | 1741107297.875106 | 0 | 135.0
RECEIVE C | 1741107298.0466502 | 0 | 136.0
INTERNAL | 1741107298.218352 | 0 | 137.0
RECEIVE C | 1741107298.390039 | 0 | 139.0
INTERNAL | 1741107298.559354 | 0 | 140.0
INTERNAL | 1741107298.728329 | 0 | 141.0
INTERNAL | 1741107298.9000268 | 0 | 142.0
INTERNAL | 1741107299.0679061 | 0 | 143.0
RECEIVE C | 1741107299.239619 | 0 | 144.0
SEND A | 1741107299.409777 | 0 | 145.0
INTERNAL | 1741107299.5796092 | 0 | 146.0
RECEIVE C | 1741107299.751317 | 0 | 147.0
RECEIVE C | 1741107299.9191759 | 0 | 148.0
INTERNAL | 1741107300.087728 | 0 | 149.0
INTERNAL | 1741107300.259419 | 0 | 150.0
INTERNAL | 1741107300.4311192 | 0 | 151.0
INTERNAL | 1741107300.601332 | 0 | 152.0
INTERNAL | 1741107300.770429 | 0 | 153.0
INTERNAL | 1741107300.942116 | 0 | 154.0
SEND ALL | 1741107301.11978 | 0 | 155.0
INTERNAL | 1741107301.285028 | 0 | 156.0
INTERNAL | 1741107301.455418 | 0 | 157.0
INTERNAL | 1741107301.62641 | 0 | 158.0
SEND A | 1741107301.8024042 | 0 | 159.0
INTERNAL | 1741107301.969208 | 0 | 160.0
INTERNAL | 1741107302.140919 | 0 | 161.0
SEND ALL | 1741107302.316767 | 0 | 162.0
INTERNAL | 1741107302.4799218 | 0 | 163.0
RECEIVE C | 1741107302.651615 | 0 | 165.0
RECEIVE C | 1741107302.821012 | 0 | 166.0
SEND C | 1741107302.994333 | 0 | 167.0
INTERNAL | 1741107303.163344 | 0 | 168.0
SEND A | 1741107303.337572 | 0 | 169.0
RECEIVE C | 1741107303.505167 | 0 | 171.0
INTERNAL | 1741107303.674502 | 0 | 172.0
SEND C | 1741107303.8524501 | 0 | 173.0
INTERNAL | 1741107304.014613 | 0 | 174.0
INTERNAL | 1741107304.1863182 | 0 | 175.0
INTERNAL | 1741107304.3545668 | 0 | 176.0
INTERNAL | 1741107304.522068 | 0 | 177.0
SEND A | 1741107304.698315 | 0 | 178.0
INTERNAL | 1741107304.862184 | 0 | 179.0
SEND C | 1741107305.03779 | 0 | 180.0
SEND ALL | 1741107305.2119591 | 0 | 181.0
INTERNAL | 1741107305.3739269 | 0 | 182.0
INTERNAL | 1741107305.544034 | 0 | 183.0
SEND A | 1741107305.720479 | 0 | 184.0
INTERNAL | 1741107305.886077 | 0 | 185.0
SEND C | 1741107306.059031 | 1 | 186.0
RECEIVE C | 1741107306.228138 | 0 | 187.0
INTERNAL | 1741107306.402378 | 0 | 188.0
INTERNAL | 1741107306.566386 | 0 | 189.0
SEND ALL | 1741107306.745054 | 0 | 190.0
INTERNAL | 1741107306.9069052 | 0 | 191.0
INTERNAL | 1741107307.075489 | 0 | 192.0
SEND ALL | 1741107307.253412 | 0 | 193.0
INTERNAL | 1741107307.4152892 | 0 | 194.0
SEND ALL | 1741107307.587446 | 0 | 195.0
SEND A | 1741107307.758368 | 0 | 196.0
INTERNAL | 1741107307.920823 | 0 | 197.0
INTERNAL | 1741107308.0877829 | 0 | 198.0
INTERNAL | 1741107308.255358 | 0 | 199.0
RECEIVE C | 1741107308.427077 | 0 | 201.0
INTERNAL | 1741107308.593885 | 0 | 202.0
RECEIVE C | 1741107308.761538 | 0 | 203.0
INTERNAL | 1741107308.930075 | 0 | 204.0
SEND A | 1741107309.102772 | 0 | 205.0
SEND ALL | 1741107309.2768629 | 0 | 206.0
INTERNAL | 1741107309.438715 | 0 | 207.0
RECEIVE C | 1741107309.6104078 | 0 | 209.0
RECEIVE C | 1741107309.782136 | 0 | 210.0
INTERNAL | 1741107309.9538612 | 0 | 211.0
INTERNAL | 1741107310.1226728 | 0 | 212.0
RECEIVE C | 1741107310.2944052 | 0 | 213.0
INTERNAL | 1741107310.464023 | 0 | 214.0
INTERNAL | 1741107310.634403 | 0 | 215.0
RECEIVE C | 1741107310.8054342 | 0 | 216.0
SEND ALL | 1741107310.9801211 | 0 | 217.0
INTERNAL | 1741107311.147465 | 0 | 218.0
RECEIVE C | 1741107311.319176 | 0 | 220.0
INTERNAL | 1741107311.4893599 | 0 | 221.0
INTERNAL | 1741107311.659156 | 0 | 222.0
INTERNAL | 1741107311.830872 | 0 | 223.0
INTERNAL | 1741107311.999163 | 0 | 224.0
SEND C | 1741107312.17468 | 0 | 225.0
SEND A | 1741107312.3450618 | 0 | 226.0
INTERNAL | 1741107312.509324 | 0 | 227.0
RECEIVE C | 1741107312.681 | 0 | 229.0
INTERNAL | 1741107312.852702 | 0 | 230.0
RECEIVE C | 1741107313.0244212 | 0 | 231.0
INTERNAL | 1741107313.194117 | 0 | 232.0
SEND C | 1741107313.370504 | 0 | 233.0
INTERNAL | 1741107313.537461 | 0 | 234.0
INTERNAL | 1741107313.709179 | 0 | 235.0
INTERNAL | 1741107313.880886 | 0 | 236.0
SEND A | 1741107314.0576482 | 0 | 237.0
RECEIVE C | 1741107314.224311 | 0 | 239.0
SEND A | 1741107314.396051 | 0 | 240.0
INTERNAL | 1741107314.56268 | 0 | 241.0
SEND A | 1741107314.737652 | 0 | 242.0
INTERNAL | 1741107314.903693 | 0 | 243.0
INTERNAL | 1741107315.072494 | 0 | 244.0
SEND ALL | 1741107315.248736 | 0 | 245.0
INTERNAL | 1741107315.411644 | 0 | 246.0
INTERNAL | 1741107315.580876 | 0 | 247.0
INTERNAL | 1741107315.752555 | 0 | 248.0
INTERNAL | 1741107315.9210722 | 0 | 249.0
INTERNAL | 1741107316.0927732 | 0 | 250.0
SEND C | 1741107316.2677388 | 0 | 251.0
INTERNAL | 1741107316.436223 | 0 | 252.0
RECEIVE C | 1741107316.60797 | 0 | 254.0
SEND ALL | 1741107316.7844522 | 0 | 255.0
SEND ALL | 1741107316.95236 | 0 | 256.0
INTERNAL | 1741107317.1176121 | 0 | 257.0
INTERNAL | 1741107317.285423 | 0 | 258.0
INTERNAL | 1741107317.457201 | 0 | 259.0
RECEIVE C | 1741107317.6288 | 0 | 261.0
INTERNAL | 1741107317.800511 | 0 | 262.0
INTERNAL | 1741107317.972238 | 0 | 263.0
INTERNAL | 1741107318.143957 | 0 | 264.0
INTERNAL | 1741107318.31565 | 0 | 265.0
INTERNAL | 1741107318.487366 | 0 | 266.0
SEND ALL | 1741107318.666209 | 0 | 267.0
INTERNAL | 1741107318.830584 | 0 | 268.0
INTERNAL | 1741107319.001087 | 0 | 269.0
INTERNAL | 1741107319.172767 | 0 | 270.0
INTERNAL | 1741107319.344486 | 0 | 271.0
INTERNAL | 1741107319.516175 | 0 | 272.0
INTERNAL | 1741107319.687902 | 0 | 273.0
INTERNAL | 1741107319.8546681 | 0 | 274.0
INTERNAL | 1741107320.025402 | 0 | 275.0
INTERNAL | 1741107320.193881 | 0 | 276.0
INTERNAL | 1741107320.3626828 | 0 | 277.0
INTERNAL | 1741107320.53266 | 0 | 278.0
RECEIVE C | 1741107320.704371 | 0 | 280.0
INTERNAL | 1741107320.8720262 | 0 | 281.0
RECEIVE C | 1741107321.043732 | 0 | 282.0
INTERNAL | 1741107321.213959 | 0 | 283.0
INTERNAL | 1741107321.383984 | 0 | 284.0
INTERNAL | 1741107321.555682 | 0 | 285.0
SEND A | 1741107321.731541 | 0 | 286.0
INTERNAL | 1741107321.898897 | 0 | 287.0
RECEIVE C | 1741107322.069324 | 0 | 288.0
INTERNAL | 1741107322.2383869 | 0 | 289.0
INTERNAL | 1741107322.410073 | 0 | 290.0
RECEIVE C | 1741107322.58179 | 0 | 291.0
RECEIVE C | 1741107322.7534878 | 0 | 292.0
RECEIVE C | 1741107322.922959 | 0 | 293.0
SEND ALL | 1741107323.100509 | 0 | 294.0
INTERNAL | 1741107323.2664058 | 0 | 295.0
SEND ALL | 1741107323.443867 | 0 | 296.0
SEND A | 1741107323.609258 | 0 | 297.0
INTERNAL | 1741107323.777059 | 0 | 298.0
SEND C | 1741107323.9532092 | 0 | 299.0
SEND ALL | 1741107324.1272168 | 0 | 300.0
INTERNAL | 1741107324.287642 | 0 | 301.0
SEND C | 1741107324.461828 | 0 | 302.0
SEND A | 1741107324.6354198 | 0 | 303.0
RECEIVE C | 1741107324.8009899 | 0 | 305.0
RECEIVE C | 1741107324.969579 | 0 | 306.0
RECEIVE C | 1741107325.137656 | 0 | 307.0
INTERNAL | 1741107325.30788 | 0 | 308.0
INTERNAL | 1741107325.479269 | 0 | 309.0
INTERNAL | 1741107325.650965 | 0 | 310.0
INTERNAL | 1741107325.8226922 | 0 | 311.0
INTERNAL | 1741107325.9944031 | 0 | 312.0
SEND C | 1741107326.165817 | 0 | 313.0
INTERNAL | 1741107326.3343391 | 0 | 314.0
SEND ALL | 1741107326.5110111 | 0 | 315.0
SEND C | 1741107326.678874 | 0 | 316.0
INTERNAL | 1741107326.842091 | 0 | 317.0
INTERNAL | 1741107327.013775 | 0 | 318.0
INTERNAL | 1741107327.185518 | 0 | 319.0
INTERNAL | 1741107327.3568609 | 0 | 320.0
INTERNAL | 1741107327.5285618 | 0 | 321.0
SEND C | 1741107327.7043 | 0 | 322.0
INTERNAL | 1741107327.871955 | 0 | 323.0
INTERNAL | 1741107328.0436952 | 0 | 324.0
INTERNAL | 1741107328.2153971 | 0 | 325.0
SEND A | 1741107328.3863292 | 0 | 326.0
INTERNAL | 1741107328.550944 | 0 | 327.0
SEND ALL | 1741107328.7290082 | 0 | 328.0
INTERNAL | 1741107328.889615 | 0 | 329.0
INTERNAL | 1741107329.060582 | 0 | 330.0
INTERNAL | 1741107329.2289312 | 0 | 331.0
INTERNAL | 1741107329.395967 | 0 | 332.0
INTERNAL | 1741107329.567733 | 0 | 333.0
INTERNAL | 1741107329.738677 | 0 | 334.0
INTERNAL | 1741107329.906637 | 0 | 335.0
INTERNAL | 1741107330.078366 | 0 | 336.0
INTERNAL | 1741107330.248153 | 0 | 337.0
INTERNAL | 1741107330.416022 | 0 | 338.0
RECEIVE C | 1741107330.5877929 | 0 | 340.0
INTERNAL | 1741107330.757293 | 0 | 341.0
INTERNAL | 1741107330.929099 | 0 | 342.0
SEND ALL | 1741107331.104477 | 0 | 343.0
INTERNAL | 1741107331.2724109 | 0 | 344.0
INTERNAL | 1741107331.4398139 | 0 | 345.0
RECEIVE C | 1741107331.606566 | 0 | 347.0
RECEIVE C | 1741107331.777884 | 0 | 348.0
RECEIVE C | 1741107331.94721 | 0 | 349.0
RECEIVE C | 1741107332.1155891 | 0 | 350.0
RECEIVE C | 1741107332.2872279 | 0 | 351.0
SEND C | 1741107332.460444 | 0 | 352.0
INTERNAL | 1741107332.630404 | 0 | 353.0
RECEIVE C | 1741107332.7981498 | 0 | 355.0
INTERNAL | 1741107332.969839 | 0 | 356.0
INTERNAL | 1741107333.141535 | 0 | 357.0
INTERNAL | 1741107333.3132548 | 0 | 358.0
SEND C | 1741107333.487006 | 0 | 359.0
INTERNAL | 1741107333.655296 | 0 | 360.0
SEND A | 1741107333.830497 | 0 | 361.0
INTERNAL | 1741107333.995662 | 0 | 362.0
INTERNAL | 1741107334.1673532 | 0 | 363.0
SEND A | 1741107334.340874 | 0 | 364.0
INTERNAL | 1741107334.5102909 | 0 | 365.0
INTERNAL | 1741107334.682032 | 0 | 366.0
RECEIVE C | 1741107334.8537312 | 0 | 368.0
SEND C | 1741107335.0247831 | 0 | 369.0
INTERNAL | 1741107335.188731 | 0 | 370.0
INTERNAL | 1741107335.3604228 | 0 | 371.0
INTERNAL | 1741107335.532148 | 0 | 372.0
INTERNAL | 1741107335.7038379 | 0 | 373.0
SEND A | 1741107335.877182 | 0 | 374.0
RECEIVE C | 1741107336.042033 | 0 | 376.0
INTERNAL | 1741107336.213718 | 0 | 377.0
SEND C | 1741107336.3903239 | 0 | 378.0
SEND A | 1741107336.55792 | 0 | 379.0
RECEIVE C | 1741107336.723414 | 0 | 381.0
SEND ALL | 1741107336.897289 | 0 | 382.0
INTERNAL | 1741107337.0646012 | 0 | 383.0
RECEIVE C | 1741107337.23167 | 0 | 385.0
INTERNAL | 1741107337.403393 | 0 | 386.0
INTERNAL | 1741107337.573559 | 0 | 387.0
INTERNAL | 1741107337.7452521 | 0 | 388.0
INTERNAL | 1741107337.914565 | 0 | 389.0
INTERNAL | 1741107338.086299 | 0 | 390.0
SEND C | 1741107338.260105 | 0 | 391.0
SEND C | 1741107338.4343119 | 0 | 392.0
INTERNAL | 1741107338.601417 | 0 | 393.0
INTERNAL | 1741107338.77278 | 0 | 394.0
INTERNAL | 1741107338.9444969 | 0 | 395.0
RECEIVE C | 1741107339.1140401 | 0 | 397.0
INTERNAL | 1741107339.285755 | 0 | 398.0
INTERNAL | 1741107339.4574468 | 0 | 399.0
INTERNAL | 1741107339.625569 | 0 | 400.0
INTERNAL | 1741107339.797266 | 0 | 401.0
RECEIVE C | 1741107339.96671 | 0 | 402.0
INTERNAL | 1741107340.135932 | 0 | 403.0
INTERNAL | 1741107340.305396 | 0 | 404.0
SEND C | 1741107340.4821491 | 0 | 405.0
INTERNAL | 1741107340.646965 | 0 | 406.0
INTERNAL | 1741107340.814017 | 0 | 407.0
INTERNAL | 1741107340.985736 | 0 | 408.0
