Clock Rate: 2 ticks per second
----------------------------------------
SEND ALL | 1741133296.692239 | 0 | 1
SEND ALL | 1741133297.20233 | 0 | 2
INTERNAL | 1741133297.6948218 | 0 | 3
RECEIVE C | 1741133298.199038 | 0 | 7.0
RECEIVE A | 1741133298.699151 | 0 | 10.0
INTERNAL | 1741133299.204267 | 0 | 11.0
INTERNAL | 1741133299.708274 | 0 | 12.0
INTERNAL | 1741133300.213333 | 0 | 13.0
INTERNAL | 1741133300.71838 | 0 | 14.0
RECEIVE A | 1741133301.21962 | 0 | 18.0
RECEIVE A | 1741133301.724983 | 1 | 19.0
RECEIVE C | 1741133302.2309911 | 0 | 20.0
INTERNAL | 1741133302.735955 | 0 | 21.0
SEND A | 1741133303.2397041 | 0 | 22.0
SEND C | 1741133303.7601652 | 0 | 23.0
RECEIVE A | 1741133304.245375 | 0 | 27.0
INTERNAL | 1741133304.747318 | 0 | 28.0
INTERNAL | 1741133305.252275 | 0 | 29.0
RECEIVE C | 1741133305.754617 | 0 | 30.0
INTERNAL | 1741133306.259663 | 0 | 31.0
RECEIVE A | 1741133306.764721 | 0 | 35.0
SEND C | 1741133307.2737 | 0 | 36.0
SEND A | 1741133307.773442 | 0 | 37.0
SEND ALL | 1741133308.281045 | 0 | 38.0
INTERNAL | 1741133308.7793431 | 0 | 39.0
INTERNAL | 1741133309.283179 | 0 | 40.0
RECEIVE C | 1741133309.788197 | 0 | 42.0
RECEIVE A | 1741133310.2932448 | 0 | 45.0
RECEIVE A | 1741133310.798302 | 0 | 47.0
SEND C | 1741133311.307779 | 0 | 48.0
INTERNAL | 1741133311.808404 | 0 | 49.0
INTERNAL | 1741133312.3134358 | 0 | 50.0
INTERNAL | 1741133312.818474 | 0 | 51.0
INTERNAL | 1741133313.3235211 | 0 | 52.0
INTERNAL | 1741133313.825058 | 0 | 53.0
RECEIVE C | 1741133314.330126 | 0 | 55.0
RECEIVE A | 1741133314.832126 | 0 | 59.0
INTERNAL | 1741133315.3364758 | 0 | 60.0
SEND C | 1741133315.843932 | 0 | 61.0
RECEIVE A | 1741133316.3440928 | 0 | 63.0
SEND A | 1741133316.85117 | 0 | 64.0
INTERNAL | 1741133317.349709 | 0 | 65.0
RECEIVE C | 1741133317.8530638 | 0 | 66.0
SEND ALL | 1741133318.362876 | 0 | 67.0
INTERNAL | 1741133318.860532 | 0 | 68.0
RECEIVE A | 1741133319.364842 | 0 | 72.0
RECEIVE A | 1741133319.869777 | 0 | 73.0
SEND C | 1741133320.375138 | 0 | 74.0
RECEIVE A | 1741133320.8710191 | 0 | 77.0
INTERNAL | 1741133321.376054 | 0 | 78.0
SEND C | 1741133321.884148 | 0 | 79.0
INTERNAL | 1741133322.384208 | 0 | 80.0
RECEIVE A | 1741133322.885992 | 0 | 83.0
INTERNAL | 1741133323.3910542 | 0 | 84.0
INTERNAL | 1741133323.895803 | 0 | 85.0
RECEIVE A | 1741133324.400863 | 0 | 87.0
INTERNAL | 1741133324.9012249 | 0 | 88.0
RECEIVE A | 1741133325.4062662 | 0 | 90.0
RECEIVE A | 1741133325.911273 | 0 | 92.0
INTERNAL | 1741133326.413832 | 0 | 93.0
RECEIVE C | 1741133326.9188612 | 0 | 94.0
INTERNAL | 1741133327.432648 | 0 | 95.0
SEND C | 1741133327.942253 | 0 | 96.0
INTERNAL | 1741133328.44274 | 0 | 97.0
INTERNAL | 1741133328.947843 | 0 | 98.0
INTERNAL | 1741133329.452733 | 0 | 99.0
INTERNAL | 1741133329.957742 | 0 | 100.0
SEND ALL | 1741133330.4708312 | 0 | 101.0
INTERNAL | 1741133330.963548 | 0 | 102.0
RECEIVE A | 1741133331.468556 | 0 | 108.0
SEND C | 1741133331.976028 | 0 | 109.0
INTERNAL | 1741133332.47682 | 0 | 110.0
SEND A | 1741133332.982813 | 0 | 111.0
INTERNAL | 1741133333.483958 | 0 | 112.0
INTERNAL | 1741133333.984859 | 0 | 113.0
INTERNAL | 1741133334.487562 | 0 | 114.0
RECEIVE A | 1741133334.9925592 | 0 | 118.0
RECEIVE A | 1741133335.494584 | 0 | 120.0
INTERNAL | 1741133335.996595 | 0 | 121.0
INTERNAL | 1741133336.5016708 | 0 | 122.0
RECEIVE A | 1741133337.0040069 | 0 | 125.0
INTERNAL | 1741133337.509078 | 0 | 126.0
RECEIVE C | 1741133338.012874 | 0 | 127.0
INTERNAL | 1741133338.5147572 | 0 | 128.0
INTERNAL | 1741133339.019563 | 0 | 129.0
INTERNAL | 1741133339.5210922 | 0 | 130.0
INTERNAL | 1741133340.022448 | 0 | 131.0
RECEIVE A | 1741133340.522929 | 1 | 135.0
RECEIVE A | 1741133341.0280042 | 0 | 136.0
RECEIVE A | 1741133341.530946 | 0 | 138.0
INTERNAL | 1741133342.035964 | 0 | 139.0
RECEIVE C | 1741133342.536653 | 0 | 141.0
SEND C | 1741133343.04645 | 0 | 142.0
INTERNAL | 1741133343.542285 | 0 | 143.0
RECEIVE C | 1741133344.047315 | 1 | 145.0
RECEIVE A | 1741133344.54811 | 1 | 146.0
RECEIVE A | 1741133345.048654 | 1 | 147.0
RECEIVE A | 1741133345.5493052 | 1 | 149.0
RECEIVE A | 1741133346.054382 | 0 | 151.0
RECEIVE C | 1741133346.556143 | 0 | 153.0
SEND A | 1741133347.0609548 | 0 | 154.0
INTERNAL | 1741133347.5612988 | 0 | 155.0
SEND A | 1741133348.065121 | 0 | 156.0
INTERNAL | 1741133348.567691 | 0 | 157.0
INTERNAL | 1741133349.0701492 | 0 | 158.0
INTERNAL | 1741133349.5751948 | 0 | 159.0
SEND ALL | 1741133350.08379 | 0 | 160.0
SEND C | 1741133350.5807831 | 0 | 161.0
INTERNAL | 1741133351.0840588 | 0 | 162.0
INTERNAL | 1741133351.5847769 | 0 | 163.0
RECEIVE A | 1741133352.0873961 | 0 | 170.0
INTERNAL | 1741133352.592022 | 0 | 171.0
INTERNAL | 1741133353.097025 | 0 | 172.0
SEND A | 1741133353.60656 | 0 | 173.0
INTERNAL | 1741133354.103787 | 0 | 174.0
SEND A | 1741133354.6090329 | 0 | 175.0
SEND A | 1741133355.114228 | 0 | 176.0
RECEIVE A | 1741133355.616051 | 0 | 181.0
SEND ALL | 1741133356.129927 | 0 | 182.0
SEND C | 1741133356.628014 | 0 | 183.0
INTERNAL | 1741133357.125907 | 0 | 184.0
INTERNAL | 1741133357.628833 | 0 | 185.0
RECEIVE C | 1741133358.1329331 | 0 | 186.0
RECEIVE A | 1741133358.636608 | 0 | 190.0
INTERNAL | 1741133359.141666 | 0 | 191.0
INTERNAL | 1741133359.642768 | 0 | 192.0
INTERNAL | 1741133360.147837 | 0 | 193.0
INTERNAL | 1741133360.652883 | 0 | 194.0
INTERNAL | 1741133361.157921 | 0 | 195.0
INTERNAL | 1741133361.659796 | 0 | 196.0
