Clock Rate: 2 ticks per second
----------------------------------------
INTERNAL | 1741236370.6377442 | 0 | 1
INTERNAL | 1741236371.142813 | 0 | 2
INTERNAL | 1741236371.645694 | 0 | 3
INTERNAL | 1741236372.1507661 | 0 | 4
SEND A | 1741236372.657855 | 0 | 5
INTERNAL | 1741236373.1608691 | 0 | 6
INTERNAL | 1741236373.6632829 | 0 | 7
INTERNAL | 1741236374.168354 | 0 | 8
INTERNAL | 1741236374.6733902 | 0 | 9
RECEIVE A | 1741236375.173672 | 0 | 14.0
INTERNAL | 1741236375.678665 | 0 | 15.0
INTERNAL | 1741236376.183678 | 0 | 16.0
INTERNAL | 1741236376.688266 | 0 | 17.0
INTERNAL | 1741236377.1932878 | 0 | 18.0
INTERNAL | 1741236377.6983192 | 0 | 19.0
SEND A | 1741236378.2085261 | 0 | 20.0
INTERNAL | 1741236378.7083678 | 0 | 21.0
RECEIVE A | 1741236379.21067 | 0 | 27.0
INTERNAL | 1741236379.715741 | 0 | 28.0
INTERNAL | 1741236380.220879 | 0 | 29.0
INTERNAL | 1741236380.725856 | 0 | 30.0
INTERNAL | 1741236381.228787 | 0 | 31.0
INTERNAL | 1741236381.728967 | 0 | 32.0
RECEIVE A | 1741236382.231636 | 0 | 36.0
INTERNAL | 1741236382.736634 | 0 | 37.0
RECEIVE C | 1741236383.241497 | 1 | 38.0
RECEIVE A | 1741236383.746579 | 0 | 39.0
INTERNAL | 1741236384.252596 | 0 | 40.0
INTERNAL | 1741236384.754925 | 0 | 41.0
INTERNAL | 1741236385.2596889 | 0 | 42.0
INTERNAL | 1741236385.7616189 | 0 | 43.0
INTERNAL | 1741236386.262898 | 0 | 44.0
SEND ALL | 1741236386.7728949 | 0 | 45.0
SEND C | 1741236387.270359 | 0 | 46.0
INTERNAL | 1741236387.770952 | 0 | 47.0
SEND ALL | 1741236388.2797508 | 0 | 48.0
SEND ALL | 1741236388.783 | 0 | 49.0
INTERNAL | 1741236389.2816231 | 0 | 50.0
INTERNAL | 1741236389.7846458 | 0 | 51.0
INTERNAL | 1741236390.285491 | 0 | 52.0
INTERNAL | 1741236390.788569 | 0 | 53.0
RECEIVE A | 1741236391.293282 | 1 | 62.0
RECEIVE A | 1741236391.79553 | 0 | 63.0
INTERNAL | 1741236392.299409 | 0 | 64.0
RECEIVE A | 1741236392.804439 | 0 | 67.0
RECEIVE C | 1741236393.3058822 | 0 | 68.0
SEND A | 1741236393.813578 | 0 | 69.0
INTERNAL | 1741236394.315946 | 0 | 70.0
INTERNAL | 1741236394.821003 | 0 | 71.0
INTERNAL | 1741236395.322779 | 0 | 72.0
INTERNAL | 1741236395.824068 | 0 | 73.0
RECEIVE A | 1741236396.325835 | 0 | 77.0
SEND A | 1741236396.8349829 | 0 | 78.0
INTERNAL | 1741236397.335404 | 0 | 79.0
RECEIVE C | 1741236397.837599 | 0 | 80.0
RECEIVE A | 1741236398.3425741 | 0 | 83.0
INTERNAL | 1741236398.842669 | 0 | 84.0
INTERNAL | 1741236399.3476732 | 0 | 85.0
INTERNAL | 1741236399.848032 | 0 | 86.0
INTERNAL | 1741236400.3530948 | 0 | 87.0
INTERNAL | 1741236400.855124 | 0 | 88.0
RECEIVE C | 1741236401.357717 | 0 | 89.0
INTERNAL | 1741236401.861574 | 0 | 90.0
INTERNAL | 1741236402.3649652 | 0 | 91.0
INTERNAL | 1741236402.870002 | 0 | 92.0
INTERNAL | 1741236403.373937 | 0 | 93.0
RECEIVE A | 1741236403.878935 | 0 | 101.0
INTERNAL | 1741236404.386643 | 0 | 102.0
INTERNAL | 1741236404.891575 | 0 | 103.0
RECEIVE A | 1741236405.394272 | 0 | 105.0
INTERNAL | 1741236405.896875 | 0 | 106.0
INTERNAL | 1741236406.401911 | 0 | 107.0
RECEIVE A | 1741236406.90484 | 0 | 110.0
INTERNAL | 1741236407.40499 | 0 | 111.0
INTERNAL | 1741236407.905523 | 0 | 112.0
INTERNAL | 1741236408.410408 | 0 | 113.0
INTERNAL | 1741236408.9153888 | 0 | 114.0
INTERNAL | 1741236409.420435 | 0 | 115.0
INTERNAL | 1741236409.925499 | 0 | 116.0
INTERNAL | 1741236410.4266188 | 0 | 117.0
RECEIVE C | 1741236410.9286258 | 1 | 118.0
RECEIVE A | 1741236411.4295192 | 1 | 121.0
RECEIVE A | 1741236411.934865 | 0 | 123.0
SEND A | 1741236412.445322 | 0 | 124.0
INTERNAL | 1741236412.943339 | 0 | 125.0
INTERNAL | 1741236413.447793 | 0 | 126.0
INTERNAL | 1741236413.952899 | 0 | 127.0
SEND ALL | 1741236414.461184 | 0 | 128.0
RECEIVE A | 1741236414.983497 | 0 | 134.0
INTERNAL | 1741236415.471437 | 0 | 135.0
INTERNAL | 1741236415.9746618 | 0 | 136.0
RECEIVE A | 1741236416.47939 | 0 | 138.0
INTERNAL | 1741236417.000027 | 0 | 139.0
INTERNAL | 1741236417.499306 | 0 | 140.0
SEND A | 1741236418.0061781 | 0 | 141.0
INTERNAL | 1741236418.5015 | 0 | 142.0
INTERNAL | 1741236419.006059 | 0 | 143.0
RECEIVE A | 1741236419.510178 | 0 | 147.0
SEND ALL | 1741236420.0779672 | 0 | 148.0
INTERNAL | 1741236420.5224068 | 0 | 149.0
INTERNAL | 1741236421.0233011 | 0 | 150.0
RECEIVE C | 1741236421.5284202 | 0 | 151.0
INTERNAL | 1741236422.033466 | 0 | 152.0
RECEIVE A | 1741236422.534857 | 0 | 156.0
INTERNAL | 1741236423.039315 | 0 | 157.0
RECEIVE A | 1741236423.544402 | 0 | 159.0
SEND ALL | 1741236424.0540009 | 0 | 160.0
INTERNAL | 1741236424.548465 | 0 | 161.0
INTERNAL | 1741236425.055285 | 0 | 162.0
INTERNAL | 1741236425.55477 | 0 | 163.0
INTERNAL | 1741236426.0679538 | 0 | 164.0
INTERNAL | 1741236426.574442 | 0 | 165.0
SEND ALL | 1741236427.391383 | 0 | 166.0
INTERNAL | 1741236427.759029 | 0 | 167.0
SEND C | 1741236428.269747 | 0 | 168.0
INTERNAL | 1741236428.7674181 | 0 | 169.0
SEND C | 1741236429.273831 | 0 | 170.0
INTERNAL | 1741236429.775303 | 0 | 171.0
RECEIVE A | 1741236430.277812 | 0 | 179.0
INTERNAL | 1741236430.7786329 | 0 | 180.0
INTERNAL | 1741236431.280846 | 0 | 181.0
INTERNAL | 1741236431.783633 | 0 | 182.0
INTERNAL | 1741236432.284404 | 0 | 183.0
INTERNAL | 1741236432.788146 | 0 | 184.0
INTERNAL | 1741236433.293202 | 0 | 185.0
RECEIVE C | 1741236433.797083 | 0 | 186.0
INTERNAL | 1741236434.3004239 | 0 | 187.0
INTERNAL | 1741236434.8008242 | 0 | 188.0
INTERNAL | 1741236435.305869 | 0 | 189.0
