Clock Rate: 4 ticks per second
----------------------------------------
SEND C | 1741131670.256597 | 0 | 1
RECEIVE A | 1741131670.510506 | 0 | 2
INTERNAL | 1741131670.7639198 | 0 | 3
SEND C | 1741131671.020781 | 0 | 4
SEND A | 1741131671.272279 | 0 | 5
SEND A | 1741131671.526759 | 0 | 6
INTERNAL | 1741131671.780216 | 0 | 7
INTERNAL | 1741131672.035247 | 0 | 8
INTERNAL | 1741131672.290276 | 0 | 9
INTERNAL | 1741131672.545314 | 0 | 10
RECEIVE A | 1741131672.800354 | 0 | 11
INTERNAL | 1741131673.0535092 | 0 | 12
INTERNAL | 1741131673.307318 | 0 | 13
SEND A | 1741131673.564919 | 0 | 14
INTERNAL | 1741131673.817407 | 0 | 15
SEND C | 1741131674.073827 | 0 | 16
INTERNAL | 1741131674.325808 | 0 | 17
INTERNAL | 1741131674.5801961 | 0 | 18
INTERNAL | 1741131674.8312378 | 0 | 19
INTERNAL | 1741131675.0858722 | 0 | 20
INTERNAL | 1741131675.340905 | 0 | 21
INTERNAL | 1741131675.595948 | 0 | 22
RECEIVE A | 1741131675.85102 | 0 | 24.0
SEND C | 1741131676.10812 | 0 | 25.0
SEND A | 1741131676.359427 | 0 | 26.0
RECEIVE C | 1741131676.60905 | 0 | 28.0
INTERNAL | 1741131676.864079 | 0 | 29.0
RECEIVE C | 1741131677.1191192 | 0 | 30.0
RECEIVE C | 1741131677.3719318 | 0 | 31.0
RECEIVE A | 1741131677.627038 | 0 | 32.0
INTERNAL | 1741131677.877901 | 0 | 33.0
SEND ALL | 1741131678.139873 | 0 | 34.0
SEND ALL | 1741131678.391816 | 0 | 35.0
SEND C | 1741131678.648248 | 0 | 36.0
SEND A | 1741131678.900485 | 0 | 37.0
RECEIVE C | 1741131679.1532319 | 0 | 39.0
SEND C | 1741131679.414001 | 0 | 40.0
INTERNAL | 1741131679.663405 | 0 | 41.0
INTERNAL | 1741131679.927212 | 0 | 42.0
INTERNAL | 1741131680.1795819 | 0 | 43.0
RECEIVE C | 1741131680.43435 | 0 | 45.0
INTERNAL | 1741131680.688968 | 0 | 46.0
INTERNAL | 1741131680.943989 | 0 | 47.0
INTERNAL | 1741131681.198774 | 0 | 48.0
INTERNAL | 1741131681.4538088 | 0 | 49.0
RECEIVE A | 1741131681.7075799 | 0 | 50.0
RECEIVE A | 1741131681.961993 | 0 | 51.0
RECEIVE A | 1741131682.213792 | 0 | 52.0
INTERNAL | 1741131682.465488 | 0 | 53.0
INTERNAL | 1741131682.720552 | 0 | 54.0
SEND A | 1741131682.9771929 | 0 | 55.0
INTERNAL | 1741131683.227309 | 0 | 56.0
INTERNAL | 1741131683.477643 | 0 | 57.0
INTERNAL | 1741131683.732627 | 0 | 58.0
INTERNAL | 1741131683.987684 | 0 | 59.0
RECEIVE C | 1741131684.2389162 | 0 | 60.0
SEND ALL | 1741131684.495921 | 0 | 61.0
INTERNAL | 1741131684.745364 | 0 | 62.0
SEND ALL | 1741131685.006163 | 0 | 63.0
SEND ALL | 1741131685.260396 | 0 | 64.0
INTERNAL | 1741131685.506625 | 0 | 65.0
RECEIVE C | 1741131685.7616022 | 0 | 68.0
INTERNAL | 1741131686.0166368 | 0 | 69.0
SEND A | 1741131686.2737029 | 0 | 70.0
RECEIVE C | 1741131686.524361 | 0 | 71.0
RECEIVE C | 1741131686.776082 | 0 | 72.0
INTERNAL | 1741131687.0266728 | 0 | 73.0
INTERNAL | 1741131687.281712 | 0 | 74.0
SEND ALL | 1741131687.537471 | 0 | 75.0
INTERNAL | 1741131687.787373 | 0 | 76.0
INTERNAL | 1741131688.03893 | 0 | 77.0
INTERNAL | 1741131688.2939641 | 0 | 78.0
RECEIVE C | 1741131688.545511 | 0 | 80.0
SEND A | 1741131688.802738 | 0 | 81.0
INTERNAL | 1741131689.054682 | 0 | 82.0
INTERNAL | 1741131689.304827 | 0 | 83.0
INTERNAL | 1741131689.559955 | 0 | 84.0
INTERNAL | 1741131689.8117912 | 0 | 85.0
INTERNAL | 1741131690.065241 | 0 | 86.0
INTERNAL | 1741131690.3202791 | 0 | 87.0
INTERNAL | 1741131690.573914 | 0 | 88.0
INTERNAL | 1741131690.829014 | 0 | 89.0
INTERNAL | 1741131691.079531 | 0 | 90.0
INTERNAL | 1741131691.3345711 | 0 | 91.0
SEND A | 1741131691.593025 | 0 | 92.0
INTERNAL | 1741131691.844644 | 0 | 93.0
RECEIVE C | 1741131692.0959208 | 0 | 94.0
INTERNAL | 1741131692.346666 | 0 | 95.0
INTERNAL | 1741131692.601734 | 0 | 96.0
RECEIVE A | 1741131692.8567739 | 0 | 97.0
RECEIVE C | 1741131693.11088 | 0 | 99.0
INTERNAL | 1741131693.3637419 | 0 | 100.0
INTERNAL | 1741131693.61786 | 0 | 101.0
RECEIVE A | 1741131693.871079 | 0 | 102.0
RECEIVE A | 1741131694.125066 | 0 | 103.0
RECEIVE C | 1741131694.3786392 | 0 | 104.0
INTERNAL | 1741131694.638419 | 0 | 105.0
INTERNAL | 1741131694.89346 | 0 | 106.0
INTERNAL | 1741131695.148505 | 0 | 107.0
RECEIVE A | 1741131695.403595 | 0 | 108.0
INTERNAL | 1741131695.6586182 | 0 | 109.0
RECEIVE C | 1741131695.9101639 | 0 | 110.0
INTERNAL | 1741131696.163321 | 0 | 111.0
RECEIVE C | 1741131696.415481 | 0 | 113.0
INTERNAL | 1741131696.669611 | 0 | 114.0
INTERNAL | 1741131696.922888 | 0 | 115.0
INTERNAL | 1741131697.1779451 | 0 | 116.0
INTERNAL | 1741131697.429337 | 0 | 117.0
RECEIVE C | 1741131697.680639 | 0 | 118.0
INTERNAL | 1741131697.935455 | 0 | 119.0
RECEIVE A | 1741131698.188771 | 0 | 120.0
SEND A | 1741131698.446204 | 0 | 121.0
INTERNAL | 1741131698.693506 | 0 | 122.0
INTERNAL | 1741131698.943597 | 0 | 123.0
INTERNAL | 1741131699.1986098 | 0 | 124.0
RECEIVE C | 1741131699.453376 | 0 | 125.0
RECEIVE C | 1741131699.707974 | 0 | 126.0
SEND C | 1741131699.9670599 | 0 | 127.0
RECEIVE A | 1741131700.2180018 | 0 | 128.0
RECEIVE C | 1741131700.472073 | 0 | 130.0
SEND A | 1741131700.729959 | 0 | 131.0
INTERNAL | 1741131700.9821591 | 0 | 132.0
INTERNAL | 1741131701.237238 | 0 | 133.0
INTERNAL | 1741131701.492329 | 0 | 134.0
SEND ALL | 1741131701.753294 | 0 | 135.0
INTERNAL | 1741131701.997691 | 0 | 136.0
INTERNAL | 1741131702.252738 | 0 | 137.0
INTERNAL | 1741131702.507786 | 0 | 138.0
INTERNAL | 1741131702.76268 | 0 | 139.0
INTERNAL | 1741131703.017677 | 0 | 140.0
SEND ALL | 1741131703.2795079 | 0 | 141.0
SEND C | 1741131703.53151 | 0 | 142.0
SEND ALL | 1741131703.78531 | 0 | 143.0
INTERNAL | 1741131704.037166 | 0 | 144.0
INTERNAL | 1741131704.288741 | 0 | 145.0
INTERNAL | 1741131704.539059 | 0 | 146.0
RECEIVE A | 1741131704.7941382 | 0 | 147.0
SEND ALL | 1741131705.053081 | 0 | 148.0
SEND A | 1741131705.298265 | 0 | 149.0
INTERNAL | 1741131705.5515468 | 0 | 150.0
INTERNAL | 1741131705.8050969 | 0 | 151.0
INTERNAL | 1741131706.0563252 | 0 | 152.0
RECEIVE A | 1741131706.3079062 | 0 | 153.0
RECEIVE A | 1741131706.5635011 | 0 | 154.0
SEND C | 1741131706.822749 | 0 | 155.0
INTERNAL | 1741131707.073041 | 0 | 156.0
SEND ALL | 1741131707.3313842 | 0 | 157.0
INTERNAL | 1741131707.580362 | 0 | 158.0
INTERNAL | 1741131707.833209 | 0 | 159.0
INTERNAL | 1741131708.087528 | 0 | 160.0
SEND A | 1741131708.3428202 | 0 | 161.0
SEND A | 1741131708.5964339 | 0 | 162.0
SEND ALL | 1741131708.851419 | 0 | 163.0
INTERNAL | 1741131709.1014662 | 0 | 164.0
INTERNAL | 1741131709.3528728 | 0 | 165.0
RECEIVE C | 1741131709.6044369 | 0 | 167.0
INTERNAL | 1741131709.859431 | 0 | 168.0
INTERNAL | 1741131710.114509 | 0 | 169.0
RECEIVE C | 1741131710.3695202 | 0 | 170.0
RECEIVE C | 1741131710.623012 | 0 | 171.0
INTERNAL | 1741131710.8780842 | 0 | 172.0
RECEIVE C | 1741131711.133131 | 0 | 173.0
INTERNAL | 1741131711.3837938 | 0 | 174.0
RECEIVE C | 1741131711.638877 | 0 | 175.0
SEND A | 1741131711.893276 | 0 | 176.0
INTERNAL | 1741131712.1423638 | 0 | 177.0
INTERNAL | 1741131712.3941739 | 0 | 178.0
INTERNAL | 1741131712.647223 | 0 | 179.0
RECEIVE C | 1741131712.898011 | 1 | 180.0
RECEIVE A | 1741131713.153072 | 0 | 181.0
RECEIVE C | 1741131713.408134 | 0 | 182.0
INTERNAL | 1741131713.6631439 | 0 | 183.0
INTERNAL | 1741131713.9157498 | 0 | 184.0
INTERNAL | 1741131714.16749 | 0 | 185.0
INTERNAL | 1741131714.42255 | 0 | 186.0
SEND A | 1741131714.677206 | 0 | 187.0
SEND A | 1741131714.927982 | 0 | 188.0
INTERNAL | 1741131715.181136 | 0 | 189.0
INTERNAL | 1741131715.4338791 | 0 | 190.0
RECEIVE A | 1741131715.6889112 | 0 | 191.0
RECEIVE A | 1741131715.941508 | 0 | 192.0
INTERNAL | 1741131716.196556 | 0 | 193.0
RECEIVE A | 1741131716.4504461 | 0 | 194.0
RECEIVE C | 1741131716.705466 | 0 | 196.0
INTERNAL | 1741131716.956459 | 0 | 197.0
INTERNAL | 1741131717.211502 | 0 | 198.0
SEND A | 1741131717.4688451 | 0 | 199.0
INTERNAL | 1741131717.718799 | 0 | 200.0
INTERNAL | 1741131717.973817 | 0 | 201.0
SEND ALL | 1741131718.23281 | 0 | 202.0
INTERNAL | 1741131718.483941 | 0 | 203.0
INTERNAL | 1741131718.735082 | 0 | 204.0
INTERNAL | 1741131718.9910011 | 0 | 205.0
INTERNAL | 1741131719.2456262 | 0 | 206.0
INTERNAL | 1741131719.498406 | 0 | 207.0
INTERNAL | 1741131719.7535338 | 0 | 208.0
SEND ALL | 1741131720.011059 | 0 | 209.0
INTERNAL | 1741131720.260868 | 0 | 210.0
RECEIVE C | 1741131720.515882 | 0 | 212.0
INTERNAL | 1741131720.770944 | 0 | 213.0
SEND A | 1741131721.026222 | 0 | 214.0
SEND C | 1741131721.281609 | 0 | 215.0
INTERNAL | 1741131721.5338519 | 0 | 216.0
INTERNAL | 1741131721.788842 | 0 | 217.0
SEND A | 1741131722.0480509 | 0 | 218.0
INTERNAL | 1741131722.2989702 | 0 | 219.0
INTERNAL | 1741131722.554073 | 0 | 220.0
INTERNAL | 1741131722.806923 | 0 | 221.0
SEND C | 1741131723.061104 | 0 | 222.0
SEND A | 1741131723.312912 | 0 | 223.0
SEND A | 1741131723.566849 | 0 | 224.0
RECEIVE C | 1741131723.819116 | 0 | 226.0
INTERNAL | 1741131724.071809 | 0 | 227.0
SEND A | 1741131724.3293922 | 0 | 228.0
SEND A | 1741131724.583389 | 0 | 229.0
INTERNAL | 1741131724.836904 | 0 | 230.0
INTERNAL | 1741131725.0874329 | 0 | 231.0
RECEIVE A | 1741131725.3424551 | 0 | 232.0
SEND C | 1741131725.599912 | 0 | 233.0
INTERNAL | 1741131725.8525069 | 0 | 234.0
RECEIVE A | 1741131726.1075819 | 0 | 235.0
INTERNAL | 1741131726.359734 | 0 | 236.0
RECEIVE C | 1741131726.613259 | 0 | 238.0
SEND ALL | 1741131726.8667378 | 0 | 239.0
INTERNAL | 1741131727.1154299 | 0 | 240.0
RECEIVE C | 1741131727.370404 | 0 | 242.0
INTERNAL | 1741131727.625489 | 0 | 243.0
INTERNAL | 1741131727.8805099 | 0 | 244.0
RECEIVE A | 1741131728.133426 | 0 | 245.0
SEND ALL | 1741131728.40006 | 0 | 246.0
INTERNAL | 1741131728.6412559 | 0 | 247.0
INTERNAL | 1741131728.896298 | 0 | 248.0
INTERNAL | 1741131729.1513002 | 0 | 249.0
SEND A | 1741131729.410957 | 0 | 250.0
INTERNAL | 1741131729.661359 | 0 | 251.0
INTERNAL | 1741131729.91391 | 0 | 252.0
RECEIVE C | 1741131730.1690361 | 0 | 254.0
RECEIVE C | 1741131730.422178 | 0 | 255.0
RECEIVE C | 1741131730.672918 | 0 | 256.0
RECEIVE A | 1741131730.9258728 | 1 | 257.0
RECEIVE C | 1741131731.179554 | 0 | 258.0
INTERNAL | 1741131731.4346292 | 0 | 259.0
INTERNAL | 1741131731.6889899 | 0 | 260.0
INTERNAL | 1741131731.944028 | 0 | 261.0
SEND ALL | 1741131732.206712 | 0 | 262.0
INTERNAL | 1741131732.454027 | 0 | 263.0
SEND C | 1741131732.7092228 | 0 | 264.0
INTERNAL | 1741131732.960172 | 0 | 265.0
INTERNAL | 1741131733.215204 | 0 | 266.0
INTERNAL | 1741131733.4702861 | 0 | 267.0
INTERNAL | 1741131733.725285 | 0 | 268.0
INTERNAL | 1741131733.980335 | 0 | 269.0
RECEIVE A | 1741131734.235384 | 0 | 270.0
INTERNAL | 1741131734.490376 | 0 | 271.0
SEND ALL | 1741131734.7472022 | 0 | 272.0
INTERNAL | 1741131734.992983 | 0 | 273.0
RECEIVE A | 1741131735.244853 | 0 | 275.0
