RECEIVE B | 1740946124 | 0 | 14
INTERNAL | 1740946125.78996 | 0 | 15
INTERNAL | 1740946125.957382 | 0 | 16
RECEIVE B | 1740946126 | 0 | 22
INTERNAL | 1740946126.300664 | 0 | 23
INTERNAL | 1740946126.472806 | 0 | 24
INTERNAL | 1740946126.641171 | 0 | 25
RECEIVE B | 1740946126 | 0 | 26
INTERNAL | 1740946126.9813251 | 0 | 27
RECEIVE B | 1740946127 | 0 | 28
SEND ALL | 1740946127.3317509 | 0 | 29
SEND 50051 | 1740946127.5067468 | 0 | 30
RECEIVE B | 1740946127 | 0 | 32
SEND ALL | 1740946127.853617 | 0 | 33
INTERNAL | 1740946128.024564 | 0 | 34
INTERNAL | 1740946128.1959622 | 0 | 35
SEND ALL | 1740946128.374342 | 0 | 36
INTERNAL | 1740946128.545152 | 0 | 37
SEND 50052 | 1740946128.719274 | 0 | 38
SEND 50052 | 1740946128.891861 | 0 | 39
INTERNAL | 1740946129.063796 | 0 | 40
INTERNAL | 1740946129.2346501 | 0 | 41
INTERNAL | 1740946129.4055302 | 0 | 42
SEND 50052 | 1740946129.5761359 | 0 | 43
SEND 50052 | 1740946129.751572 | 0 | 44
SEND 50052 | 1740946129.928515 | 0 | 45
INTERNAL | 1740946130.0959811 | 0 | 46
INTERNAL | 1740946130.264856 | 0 | 47
SEND 50052 | 1740946130.441021 | 0 | 48
SEND 50052 | 1740946130.611478 | 0 | 49
