Clock Rate: 6 ticks per second
----------------------------------------
RECEIVE B | 1741107278.632376 | 2 | 3.0
RECEIVE B | 1741107278.804132 | 1 | 9.0
RECEIVE B | 1741107278.97582 | 1 | 15.0
RECEIVE B | 1741107279.1475341 | 1 | 19.0
RECEIVE B | 1741107279.317419 | 1 | 20.0
RECEIVE B | 1741107279.4891012 | 0 | 21.0
INTERNAL | 1741107279.6599271 | 0 | 22.0
INTERNAL | 1741107279.831635 | 0 | 23.0
INTERNAL | 1741107280.001106 | 0 | 24.0
INTERNAL | 1741107280.171231 | 0 | 25.0
SEND B | 1741107280.347286 | 0 | 26.0
INTERNAL | 1741107280.511178 | 0 | 27.0
INTERNAL | 1741107280.6813629 | 0 | 28.0
INTERNAL | 1741107280.853058 | 0 | 29.0
INTERNAL | 1741107281.0229812 | 0 | 30.0
RECEIVE B | 1741107281.18996 | 0 | 32.0
RECEIVE B | 1741107281.3595588 | 0 | 33.0
SEND ALL | 1741107281.530884 | 0 | 34.0
SEND ALL | 1741107281.702469 | 0 | 35.0
INTERNAL | 1741107281.8658502 | 0 | 36.0
INTERNAL | 1741107282.037576 | 0 | 37.0
SEND A | 1741107282.213614 | 0 | 38.0
SEND ALL | 1741107282.385943 | 0 | 39.0
SEND A | 1741107282.552358 | 0 | 40.0
SEND ALL | 1741107282.7262342 | 0 | 41.0
SEND B | 1741107282.8911948 | 0 | 42.0
INTERNAL | 1741107283.058285 | 0 | 43.0
RECEIVE B | 1741107283.226293 | 0 | 45.0
SEND A | 1741107283.400661 | 0 | 46.0
INTERNAL | 1741107283.5697222 | 0 | 47.0
INTERNAL | 1741107283.7414231 | 0 | 48.0
INTERNAL | 1741107283.913127 | 0 | 49.0
INTERNAL | 1741107284.084814 | 0 | 50.0
SEND B | 1741107284.259139 | 0 | 51.0
INTERNAL | 1741107284.4242308 | 0 | 52.0
SEND A | 1741107284.5966878 | 0 | 53.0
SEND ALL | 1741107284.769252 | 0 | 54.0
INTERNAL | 1741107284.9310021 | 0 | 55.0
INTERNAL | 1741107285.098411 | 0 | 56.0
INTERNAL | 1741107285.2673879 | 0 | 57.0
INTERNAL | 1741107285.437799 | 0 | 58.0
INTERNAL | 1741107285.60848 | 0 | 59.0
SEND ALL | 1741107285.7871401 | 0 | 60.0
SEND ALL | 1741107285.950273 | 0 | 61.0
INTERNAL | 1741107286.1186209 | 0 | 62.0
INTERNAL | 1741107286.29032 | 0 | 63.0
RECEIVE B | 1741107286.46138 | 0 | 65.0
SEND ALL | 1741107286.6388311 | 0 | 66.0
INTERNAL | 1741107286.8001862 | 0 | 67.0
INTERNAL | 1741107286.967948 | 0 | 68.0
INTERNAL | 1741107287.139628 | 0 | 69.0
RECEIVE B | 1741107287.3113449 | 0 | 71.0
INTERNAL | 1741107287.483078 | 0 | 72.0
INTERNAL | 1741107287.654539 | 0 | 73.0
INTERNAL | 1741107287.82623 | 0 | 74.0
RECEIVE B | 1741107287.995887 | 0 | 75.0
SEND A | 1741107288.1653051 | 0 | 76.0
INTERNAL | 1741107288.335428 | 0 | 77.0
INTERNAL | 1741107288.507159 | 0 | 78.0
INTERNAL | 1741107288.6754508 | 0 | 79.0
SEND B | 1741107288.847456 | 0 | 80.0
INTERNAL | 1741107289.012807 | 0 | 81.0
INTERNAL | 1741107289.184507 | 0 | 82.0
RECEIVE B | 1741107289.3529642 | 0 | 84.0
INTERNAL | 1741107289.522927 | 0 | 85.0
INTERNAL | 1741107289.694627 | 0 | 86.0
INTERNAL | 1741107289.863005 | 0 | 87.0
INTERNAL | 1741107290.034718 | 0 | 88.0
INTERNAL | 1741107290.2064068 | 0 | 89.0
SEND B | 1741107290.3822029 | 0 | 90.0
INTERNAL | 1741107290.5462499 | 0 | 91.0
SEND B | 1741107290.722732 | 1 | 92.0
RECEIVE B | 1741107290.889625 | 0 | 93.0
INTERNAL | 1741107291.0613492 | 0 | 94.0
SEND A | 1741107291.234261 | 0 | 95.0
INTERNAL | 1741107291.401559 | 0 | 96.0
INTERNAL | 1741107291.573257 | 0 | 97.0
INTERNAL | 1741107291.741715 | 0 | 98.0
INTERNAL | 1741107291.913433 | 0 | 99.0
INTERNAL | 1741107292.085136 | 0 | 100.0
INTERNAL | 1741107292.2525702 | 0 | 101.0
SEND B | 1741107292.4280598 | 1 | 102.0
RECEIVE B | 1741107292.595988 | 0 | 103.0
INTERNAL | 1741107292.767709 | 0 | 104.0
INTERNAL | 1741107292.9376168 | 0 | 105.0
SEND B | 1741107293.110485 | 0 | 106.0
INTERNAL | 1741107293.274844 | 0 | 107.0
INTERNAL | 1741107293.444614 | 0 | 108.0
INTERNAL | 1741107293.612976 | 0 | 109.0
INTERNAL | 1741107293.781156 | 0 | 110.0
INTERNAL | 1741107293.952867 | 0 | 111.0
INTERNAL | 1741107294.122744 | 0 | 112.0
SEND ALL | 1741107294.301126 | 0 | 113.0
INTERNAL | 1741107294.466172 | 0 | 114.0
INTERNAL | 1741107294.63312 | 0 | 115.0
INTERNAL | 1741107294.804825 | 0 | 116.0
SEND A | 1741107294.9778728 | 0 | 117.0
SEND A | 1741107295.150861 | 0 | 118.0
INTERNAL | 1741107295.317458 | 0 | 119.0
INTERNAL | 1741107295.487752 | 0 | 120.0
INTERNAL | 1741107295.657114 | 0 | 121.0
SEND A | 1741107295.8333051 | 0 | 122.0
INTERNAL | 1741107296.000511 | 0 | 123.0
RECEIVE B | 1741107296.1722372 | 0 | 125.0
INTERNAL | 1741107296.341853 | 0 | 126.0
RECEIVE B | 1741107296.513539 | 0 | 127.0
RECEIVE B | 1741107296.685247 | 0 | 128.0
SEND B | 1741107296.8610308 | 0 | 129.0
SEND B | 1741107297.029989 | 0 | 130.0
INTERNAL | 1741107297.1941462 | 0 | 131.0
INTERNAL | 1741107297.364377 | 0 | 132.0
INTERNAL | 1741107297.531698 | 0 | 133.0
INTERNAL | 1741107297.703399 | 0 | 134.0
SEND ALL | 1741107297.8795772 | 0 | 135.0
INTERNAL | 1741107298.03967 | 0 | 136.0
SEND A | 1741107298.213481 | 0 | 137.0
SEND ALL | 1741107298.389502 | 0 | 138.0
INTERNAL | 1741107298.554815 | 0 | 139.0
INTERNAL | 1741107298.726518 | 0 | 140.0
INTERNAL | 1741107298.8939068 | 0 | 141.0
SEND ALL | 1741107299.071136 | 0 | 142.0
INTERNAL | 1741107299.23734 | 0 | 143.0
INTERNAL | 1741107299.409004 | 0 | 144.0
SEND B | 1741107299.583853 | 0 | 145.0
SEND ALL | 1741107299.754324 | 0 | 146.0
INTERNAL | 1741107299.919184 | 0 | 147.0
SEND A | 1741107300.0950909 | 0 | 148.0
INTERNAL | 1741107300.2581718 | 0 | 149.0
INTERNAL | 1741107300.425189 | 0 | 150.0
SEND A | 1741107300.5991528 | 0 | 151.0
INTERNAL | 1741107300.76628 | 0 | 152.0
INTERNAL | 1741107300.9348512 | 0 | 153.0
INTERNAL | 1741107301.1065779 | 0 | 154.0
RECEIVE B | 1741107301.278292 | 0 | 156.0
INTERNAL | 1741107301.449985 | 0 | 157.0
INTERNAL | 1741107301.621069 | 0 | 158.0
INTERNAL | 1741107301.788748 | 0 | 159.0
INTERNAL | 1741107301.9563851 | 0 | 160.0
INTERNAL | 1741107302.128088 | 0 | 161.0
INTERNAL | 1741107302.299819 | 0 | 162.0
RECEIVE B | 1741107302.471054 | 0 | 163.0
SEND B | 1741107302.647381 | 0 | 164.0
SEND ALL | 1741107302.820857 | 0 | 165.0
INTERNAL | 1741107302.98593 | 0 | 166.0
RECEIVE B | 1741107303.155381 | 0 | 168.0
SEND A | 1741107303.331717 | 0 | 169.0
SEND ALL | 1741107303.5047748 | 0 | 170.0
SEND A | 1741107303.675395 | 0 | 171.0
INTERNAL | 1741107303.838758 | 0 | 172.0
RECEIVE B | 1741107304.007946 | 0 | 174.0
INTERNAL | 1741107304.1794071 | 0 | 175.0
INTERNAL | 1741107304.348572 | 0 | 176.0
INTERNAL | 1741107304.5202801 | 0 | 177.0
INTERNAL | 1741107304.6920059 | 0 | 178.0
INTERNAL | 1741107304.8632388 | 0 | 179.0
INTERNAL | 1741107305.0349472 | 0 | 180.0
RECEIVE B | 1741107305.20667 | 0 | 181.0
RECEIVE B | 1741107305.374448 | 0 | 182.0
SEND A | 1741107305.548297 | 0 | 183.0
INTERNAL | 1741107305.714043 | 0 | 184.0
INTERNAL | 1741107305.8847308 | 0 | 185.0
SEND B | 1741107306.059032 | 1 | 186.0
RECEIVE B | 1741107306.228134 | 0 | 187.0
INTERNAL | 1741107306.399297 | 0 | 188.0
SEND A | 1741107306.569676 | 0 | 189.0
INTERNAL | 1741107306.7380018 | 0 | 190.0
RECEIVE B | 1741107306.9073129 | 0 | 191.0
INTERNAL | 1741107307.0789828 | 0 | 192.0
RECEIVE B | 1741107307.2506728 | 0 | 194.0
INTERNAL | 1741107307.422406 | 0 | 195.0
RECEIVE B | 1741107307.594078 | 0 | 196.0
INTERNAL | 1741107307.7657962 | 0 | 197.0
INTERNAL | 1741107307.937519 | 0 | 198.0
INTERNAL | 1741107308.105325 | 0 | 199.0
SEND ALL | 1741107308.280401 | 0 | 200.0
INTERNAL | 1741107308.448755 | 0 | 201.0
SEND ALL | 1741107308.6207008 | 0 | 202.0
INTERNAL | 1741107308.787719 | 0 | 203.0
INTERNAL | 1741107308.9586701 | 0 | 204.0
INTERNAL | 1741107309.128927 | 0 | 205.0
RECEIVE B | 1741107309.3006039 | 0 | 207.0
SEND B | 1741107309.474275 | 0 | 208.0
SEND ALL | 1741107309.647527 | 0 | 209.0
SEND A | 1741107309.817166 | 0 | 210.0
SEND A | 1741107309.986445 | 0 | 211.0
SEND ALL | 1741107310.160686 | 0 | 212.0
INTERNAL | 1741107310.325621 | 0 | 213.0
INTERNAL | 1741107310.4976158 | 0 | 214.0
SEND ALL | 1741107310.675137 | 0 | 215.0
INTERNAL | 1741107310.838759 | 0 | 216.0
RECEIVE B | 1741107311.007311 | 0 | 218.0
SEND B | 1741107311.17753 | 0 | 219.0
INTERNAL | 1741107311.345994 | 0 | 220.0
INTERNAL | 1741107311.513255 | 0 | 221.0
INTERNAL | 1741107311.684947 | 0 | 222.0
INTERNAL | 1741107311.85667 | 0 | 223.0
INTERNAL | 1741107312.0284102 | 0 | 224.0
RECEIVE B | 1741107312.2000918 | 0 | 226.0
INTERNAL | 1741107312.371319 | 0 | 227.0
SEND B | 1741107312.54445 | 0 | 228.0
INTERNAL | 1741107312.713341 | 0 | 229.0
SEND ALL | 1741107312.889575 | 0 | 230.0
INTERNAL | 1741107313.05637 | 0 | 231.0
SEND A | 1741107313.22962 | 0 | 232.0
RECEIVE B | 1741107313.398653 | 0 | 234.0
SEND A | 1741107313.574412 | 0 | 235.0
INTERNAL | 1741107313.7407339 | 0 | 236.0
INTERNAL | 1741107313.909715 | 0 | 237.0
SEND ALL | 1741107314.086019 | 0 | 238.0
INTERNAL | 1741107314.248468 | 0 | 239.0
INTERNAL | 1741107314.420125 | 0 | 240.0
INTERNAL | 1741107314.591852 | 0 | 241.0
INTERNAL | 1741107314.759378 | 0 | 242.0
INTERNAL | 1741107314.931094 | 0 | 243.0
INTERNAL | 1741107315.102803 | 0 | 244.0
RECEIVE B | 1741107315.272043 | 0 | 246.0
INTERNAL | 1741107315.439727 | 0 | 247.0
INTERNAL | 1741107315.6114318 | 0 | 248.0
INTERNAL | 1741107315.778187 | 0 | 249.0
INTERNAL | 1741107315.949882 | 0 | 250.0
INTERNAL | 1741107316.121561 | 0 | 251.0
RECEIVE B | 1741107316.2924428 | 0 | 252.0
SEND B | 1741107316.464631 | 0 | 253.0
SEND A | 1741107316.638138 | 0 | 254.0
RECEIVE B | 1741107316.8043451 | 0 | 256.0
RECEIVE B | 1741107316.976039 | 0 | 257.0
INTERNAL | 1741107317.145542 | 0 | 258.0
INTERNAL | 1741107317.315104 | 0 | 259.0
SEND B | 1741107317.487764 | 0 | 260.0
INTERNAL | 1741107317.654612 | 0 | 261.0
INTERNAL | 1741107317.822368 | 0 | 262.0
SEND A | 1741107317.995258 | 0 | 263.0
INTERNAL | 1741107318.163209 | 0 | 264.0
INTERNAL | 1741107318.3333728 | 0 | 265.0
INTERNAL | 1741107318.504586 | 0 | 266.0
RECEIVE B | 1741107318.673374 | 0 | 268.0
INTERNAL | 1741107318.845085 | 0 | 269.0
INTERNAL | 1741107319.0147042 | 0 | 270.0
INTERNAL | 1741107319.185858 | 0 | 271.0
INTERNAL | 1741107319.3645608 | 0 | 272.0
INTERNAL | 1741107319.5319371 | 0 | 273.0
INTERNAL | 1741107319.703656 | 0 | 274.0
INTERNAL | 1741107319.875371 | 0 | 275.0
INTERNAL | 1741107320.0450969 | 0 | 276.0
INTERNAL | 1741107320.2167912 | 0 | 277.0
INTERNAL | 1741107320.3885272 | 0 | 278.0
SEND ALL | 1741107320.568751 | 0 | 279.0
INTERNAL | 1741107320.727045 | 0 | 280.0
SEND B | 1741107320.901345 | 0 | 281.0
INTERNAL | 1741107321.067701 | 0 | 282.0
INTERNAL | 1741107321.238695 | 0 | 283.0
INTERNAL | 1741107321.408308 | 0 | 284.0
SEND A | 1741107321.582944 | 0 | 285.0
INTERNAL | 1741107321.750817 | 0 | 286.0
SEND B | 1741107321.926047 | 0 | 287.0
INTERNAL | 1741107322.092732 | 0 | 288.0
INTERNAL | 1741107322.264439 | 0 | 289.0
SEND B | 1741107322.439984 | 0 | 290.0
SEND B | 1741107322.611381 | 0 | 291.0
SEND ALL | 1741107322.785078 | 0 | 292.0
INTERNAL | 1741107322.9459782 | 0 | 293.0
RECEIVE B | 1741107323.1173298 | 0 | 295.0
INTERNAL | 1741107323.2850208 | 0 | 296.0
RECEIVE B | 1741107323.455374 | 0 | 297.0
INTERNAL | 1741107323.6264162 | 0 | 298.0
INTERNAL | 1741107323.79407 | 0 | 299.0
RECEIVE B | 1741107323.965749 | 0 | 300.0
RECEIVE B | 1741107324.1357172 | 0 | 301.0
SEND A | 1741107324.30924 | 0 | 302.0
RECEIVE B | 1741107324.472394 | 0 | 303.0
SEND ALL | 1741107324.656679 | 0 | 304.0
SEND ALL | 1741107324.826985 | 0 | 305.0
SEND B | 1741107324.9962728 | 0 | 306.0
INTERNAL | 1741107325.1636622 | 0 | 307.0
INTERNAL | 1741107325.3353999 | 0 | 308.0
SEND A | 1741107325.5068412 | 0 | 309.0
INTERNAL | 1741107325.672271 | 0 | 310.0
INTERNAL | 1741107325.840616 | 0 | 311.0
INTERNAL | 1741107326.0104709 | 0 | 312.0
RECEIVE B | 1741107326.177943 | 0 | 314.0
INTERNAL | 1741107326.34967 | 0 | 315.0
RECEIVE B | 1741107326.51795 | 0 | 316.0
RECEIVE B | 1741107326.687619 | 0 | 317.0
INTERNAL | 1741107326.8584042 | 0 | 318.0
INTERNAL | 1741107327.030106 | 0 | 319.0
INTERNAL | 1741107327.198383 | 0 | 320.0
INTERNAL | 1741107327.370097 | 0 | 321.0
INTERNAL | 1741107327.54168 | 0 | 322.0
RECEIVE B | 1741107327.713373 | 0 | 323.0
INTERNAL | 1741107327.881514 | 0 | 324.0
INTERNAL | 1741107328.053227 | 0 | 325.0
SEND A | 1741107328.22576 | 0 | 326.0
INTERNAL | 1741107328.395246 | 0 | 327.0
INTERNAL | 1741107328.5635798 | 0 | 328.0
RECEIVE B | 1741107328.732741 | 0 | 329.0
INTERNAL | 1741107328.904455 | 0 | 330.0
SEND A | 1741107329.0782878 | 0 | 331.0
INTERNAL | 1741107329.242028 | 0 | 332.0
INTERNAL | 1741107329.408892 | 0 | 333.0
INTERNAL | 1741107329.5806122 | 0 | 334.0
SEND A | 1741107329.755326 | 0 | 335.0
INTERNAL | 1741107329.922754 | 0 | 336.0
INTERNAL | 1741107330.090584 | 0 | 337.0
SEND A | 1741107330.2664618 | 0 | 338.0
SEND B | 1741107330.4382 | 0 | 339.0
INTERNAL | 1741107330.602386 | 0 | 340.0
INTERNAL | 1741107330.77382 | 0 | 341.0
INTERNAL | 1741107330.945489 | 0 | 342.0
RECEIVE B | 1741107331.113651 | 0 | 344.0
SEND A | 1741107331.2964108 | 0 | 345.0
SEND B | 1741107331.456545 | 0 | 346.0
SEND ALL | 1741107331.625669 | 0 | 347.0
SEND ALL | 1741107331.792653 | 0 | 348.0
SEND ALL | 1741107331.960278 | 0 | 349.0
SEND ALL | 1741107332.1268601 | 0 | 350.0
INTERNAL | 1741107332.295752 | 0 | 351.0
RECEIVE B | 1741107332.463684 | 0 | 353.0
SEND B | 1741107332.637078 | 0 | 354.0
INTERNAL | 1741107332.807075 | 0 | 355.0
INTERNAL | 1741107332.975111 | 0 | 356.0
INTERNAL | 1741107333.146794 | 0 | 357.0
SEND A | 1741107333.3179982 | 0 | 358.0
RECEIVE B | 1741107333.4880252 | 0 | 360.0
INTERNAL | 1741107333.656148 | 0 | 361.0
INTERNAL | 1741107333.827847 | 0 | 362.0
SEND A | 1741107333.997925 | 0 | 363.0
INTERNAL | 1741107334.167937 | 0 | 364.0
INTERNAL | 1741107334.3396301 | 0 | 365.0
INTERNAL | 1741107334.5102909 | 0 | 366.0
SEND B | 1741107334.686219 | 0 | 367.0
INTERNAL | 1741107334.853516 | 0 | 368.0
RECEIVE B | 1741107335.024727 | 0 | 370.0
INTERNAL | 1741107335.196469 | 0 | 371.0
INTERNAL | 1741107335.368178 | 0 | 372.0
INTERNAL | 1741107335.539891 | 0 | 373.0
INTERNAL | 1741107335.711592 | 0 | 374.0
SEND B | 1741107335.886417 | 0 | 375.0
INTERNAL | 1741107336.055038 | 0 | 376.0
INTERNAL | 1741107336.221947 | 0 | 377.0
RECEIVE B | 1741107336.389833 | 0 | 379.0
SEND B | 1741107336.5601122 | 0 | 380.0
INTERNAL | 1741107336.729932 | 0 | 381.0
RECEIVE B | 1741107336.901437 | 0 | 383.0
SEND ALL | 1741107337.07902 | 0 | 384.0
INTERNAL | 1741107337.2427268 | 0 | 385.0
INTERNAL | 1741107337.412578 | 0 | 386.0
INTERNAL | 1741107337.58429 | 0 | 387.0
SEND A | 1741107337.760003 | 0 | 388.0
INTERNAL | 1741107337.9255621 | 0 | 389.0
INTERNAL | 1741107338.097273 | 0 | 390.0
RECEIVE B | 1741107338.2656882 | 0 | 392.0
RECEIVE B | 1741107338.437387 | 0 | 393.0
INTERNAL | 1741107338.608372 | 0 | 394.0
INTERNAL | 1741107338.779101 | 0 | 395.0
SEND ALL | 1741107338.953147 | 0 | 396.0
INTERNAL | 1741107339.114043 | 0 | 397.0
INTERNAL | 1741107339.285755 | 0 | 398.0
INTERNAL | 1741107339.453852 | 0 | 399.0
INTERNAL | 1741107339.62557 | 0 | 400.0
SEND B | 1741107339.7999418 | 0 | 401.0
INTERNAL | 1741107339.9667048 | 0 | 402.0
INTERNAL | 1741107340.134958 | 0 | 403.0
INTERNAL | 1741107340.3053792 | 0 | 404.0
INTERNAL | 1741107340.4729102 | 0 | 405.0
RECEIVE B | 1741107340.644577 | 0 | 406.0
INTERNAL | 1741107340.816309 | 0 | 407.0
INTERNAL | 1741107340.988018 | 0 | 408.0
SEND ALL | 1741107341.166743 | 0 | 409.0
INTERNAL | 1741107341.330626 | 0 | 410.0
SEND ALL | 1741107341.509213 | 0 | 411.0
INTERNAL | 1741107341.674017 | 0 | 412.0
SEND B | 1741107341.849977 | 0 | 413.0
INTERNAL | 1741107342.017417 | 0 | 414.0
INTERNAL | 1741107342.1891131 | 0 | 415.0
SEND B | 1741107342.365677 | 0 | 416.0
SEND B | 1741107342.5356832 | 0 | 417.0
INTERNAL | 1741107342.700701 | 0 | 418.0
SEND ALL | 1741107342.879887 | 0 | 419.0
INTERNAL | 1741107343.0441458 | 0 | 420.0
INTERNAL | 1741107343.211156 | 0 | 421.0
INTERNAL | 1741107343.382868 | 0 | 422.0
INTERNAL | 1741107343.554574 | 0 | 423.0
