Clock Rate: 2 ticks per second
----------------------------------------
RECEIVE A | 1741129312.056898 | 3 | 2.0
RECEIVE B | 1741129312.56098 | 3 | 4.0
RECEIVE B | 1741129313.061506 | 3 | 7.0
RECEIVE B | 1741129313.566208 | 3 | 8.0
RECEIVE B | 1741129314.0712068 | 2 | 9.0
RECEIVE A | 1741129314.5762508 | 3 | 12.0
RECEIVE B | 1741129315.0812569 | 2 | 14.0
RECEIVE A | 1741129315.583036 | 2 | 16.0
RECEIVE A | 1741129316.088021 | 2 | 17.0
RECEIVE A | 1741129316.588526 | 3 | 20.0
RECEIVE A | 1741129317.0935428 | 3 | 21.0
RECEIVE A | 1741129317.6991758 | 2 | 22.0
RECEIVE A | 1741129318.157755 | 2 | 23.0
RECEIVE A | 1741129318.6628218 | 2 | 24.0
RECEIVE A | 1741129319.166209 | 2 | 28.0
RECEIVE A | 1741129319.6712651 | 2 | 29.0
RECEIVE A | 1741129320.1759841 | 3 | 31.0
RECEIVE A | 1741129320.6770308 | 3 | 32.0
RECEIVE A | 1741129321.1774259 | 3 | 33.0
RECEIVE A | 1741129321.679894 | 3 | 34.0
RECEIVE A | 1741129322.1800718 | 4 | 35.0
RECEIVE A | 1741129322.6833 | 4 | 36.0
RECEIVE B | 1741129323.183331 | 3 | 37.0
RECEIVE A | 1741129323.688391 | 2 | 39.0
RECEIVE B | 1741129324.191971 | 1 | 40.0
RECEIVE B | 1741129324.696817 | 1 | 41.0
RECEIVE A | 1741129325.200599 | 1 | 47.0
RECEIVE A | 1741129325.704592 | 2 | 48.0
RECEIVE A | 1741129326.2096279 | 2 | 49.0
RECEIVE A | 1741129326.714717 | 2 | 50.0
RECEIVE A | 1741129327.219737 | 1 | 51.0
RECEIVE A | 1741129327.724801 | 0 | 52.0
RECEIVE A | 1741129328.225259 | 1 | 57.0
RECEIVE B | 1741129328.730305 | 0 | 58.0
SEND B | 1741129329.235147 | 0 | 59.0
RECEIVE A | 1741129329.7376618 | 0 | 61.0
RECEIVE B | 1741129330.242929 | 0 | 62.0
RECEIVE B | 1741129330.743101 | 1 | 63.0
RECEIVE A | 1741129331.248202 | 0 | 65.0
INTERNAL | 1741129331.75328 | 0 | 66.0
SEND ALL | 1741129332.262939 | 0 | 67.0
SEND ALL | 1741129332.765457 | 0 | 68.0
SEND ALL | 1741129333.2694888 | 0 | 69.0
SEND A | 1741129333.774143 | 0 | 70.0
SEND A | 1741129334.276799 | 0 | 71.0
RECEIVE A | 1741129334.779614 | 0 | 77.0
RECEIVE B | 1741129335.284666 | 0 | 78.0
RECEIVE B | 1741129335.789751 | 0 | 79.0
RECEIVE A | 1741129336.294763 | 0 | 81.0
RECEIVE B | 1741129336.796607 | 0 | 82.0
RECEIVE A | 1741129337.301594 | 0 | 84.0
SEND B | 1741129337.8087308 | 0 | 85.0
INTERNAL | 1741129338.311691 | 0 | 86.0
RECEIVE A | 1741129338.815582 | 0 | 89.0
RECEIVE A | 1741129339.320587 | 0 | 90.0
RECEIVE A | 1741129339.825603 | 1 | 91.0
RECEIVE A | 1741129340.3259919 | 1 | 92.0
RECEIVE A | 1741129340.831062 | 1 | 93.0
RECEIVE A | 1741129341.331718 | 1 | 94.0
RECEIVE A | 1741129341.8327959 | 1 | 96.0
RECEIVE A | 1741129342.337848 | 1 | 97.0
RECEIVE A | 1741129342.84158 | 1 | 99.0
RECEIVE A | 1741129343.346643 | 0 | 100.0
RECEIVE A | 1741129343.849836 | 0 | 104.0
RECEIVE A | 1741129344.3499892 | 0 | 105.0
RECEIVE A | 1741129344.850541 | 0 | 107.0
SEND ALL | 1741129345.362864 | 0 | 108.0
RECEIVE A | 1741129345.856888 | 0 | 111.0
SEND A | 1741129346.367892 | 0 | 112.0
RECEIVE A | 1741129346.867842 | 0 | 115.0
RECEIVE A | 1741129347.368041 | 0 | 116.0
SEND B | 1741129347.873774 | 0 | 117.0
RECEIVE A | 1741129348.377198 | 0 | 119.0
RECEIVE A | 1741129348.8822489 | 1 | 120.0
RECEIVE A | 1741129349.3839018 | 1 | 121.0
RECEIVE A | 1741129349.888958 | 1 | 122.0
RECEIVE A | 1741129350.393815 | 1 | 123.0
RECEIVE A | 1741129350.8988612 | 0 | 125.0
SEND A | 1741129351.4087198 | 0 | 126.0
INTERNAL | 1741129351.904962 | 0 | 127.0
RECEIVE A | 1741129352.410012 | 0 | 131.0
RECEIVE A | 1741129352.915039 | 1 | 132.0
RECEIVE A | 1741129353.4200609 | 1 | 133.0
RECEIVE A | 1741129353.925097 | 2 | 134.0
RECEIVE A | 1741129354.4256818 | 2 | 135.0
RECEIVE A | 1741129354.9300108 | 3 | 136.0
RECEIVE A | 1741129355.430144 | 3 | 137.0
RECEIVE A | 1741129355.931853 | 4 | 138.0
RECEIVE A | 1741129356.4368901 | 4 | 139.0
RECEIVE A | 1741129356.941934 | 5 | 140.0
RECEIVE A | 1741129357.4435232 | 5 | 141.0
RECEIVE A | 1741129357.945305 | 4 | 142.0
RECEIVE A | 1741129358.450321 | 3 | 143.0
RECEIVE A | 1741129358.955358 | 2 | 144.0
RECEIVE A | 1741129359.460365 | 1 | 145.0
RECEIVE A | 1741129359.965394 | 2 | 146.0
RECEIVE A | 1741129360.4706612 | 1 | 153.0
RECEIVE A | 1741129360.971984 | 3 | 154.0
RECEIVE A | 1741129361.476247 | 2 | 156.0
RECEIVE B | 1741129361.976972 | 3 | 157.0
RECEIVE A | 1741129362.4819782 | 3 | 158.0
RECEIVE A | 1741129362.986273 | 3 | 159.0
RECEIVE A | 1741129363.491342 | 2 | 160.0
RECEIVE A | 1741129363.991987 | 1 | 161.0
RECEIVE A | 1741129364.4969878 | 1 | 162.0
RECEIVE A | 1741129365.0020301 | 1 | 167.0
RECEIVE A | 1741129365.507091 | 0 | 168.0
RECEIVE A | 1741129366.007722 | 0 | 172.0
SEND ALL | 1741129366.514113 | 0 | 173.0
SEND B | 1741129367.019254 | 1 | 174.0
RECEIVE A | 1741129367.516646 | 1 | 176.0
RECEIVE A | 1741129368.0175738 | 1 | 177.0
RECEIVE A | 1741129368.522642 | 1 | 178.0
RECEIVE A | 1741129369.0227761 | 1 | 180.0
RECEIVE A | 1741129369.524396 | 0 | 181.0
SEND ALL | 1741129370.0369291 | 0 | 182.0
SEND ALL | 1741129370.539273 | 0 | 183.0
SEND B | 1741129371.0424168 | 0 | 184.0
RECEIVE A | 1741129371.540941 | 1 | 188.0
RECEIVE A | 1741129372.043211 | 1 | 189.0
RECEIVE A | 1741129372.544597 | 1 | 190.0
RECEIVE A | 1741129373.0510569 | 0 | 191.0
RECEIVE A | 1741129373.5569658 | 0 | 195.0
RECEIVE A | 1741129374.06204 | 0 | 196.0
RECEIVE A | 1741129374.5670772 | 0 | 198.0
SEND ALL | 1741129375.078432 | 0 | 199.0
SEND B | 1741129375.580093 | 0 | 200.0
SEND ALL | 1741129376.087761 | 0 | 201.0
SEND B | 1741129376.589302 | 0 | 202.0
