Clock Rate: 3 ticks per second
----------------------------------------
RECEIVE B | 1741052403.2476008 | 6 | 4.0
RECEIVE B | 1741052403.756673 | 5 | 7.0
RECEIVE B | 1741052404.44672 | 5 | 11.0
RECEIVE B | 1741052404.614202 | 5 | 12.0
RECEIVE A | 1741052404.749386 | 5 | 13.0
RECEIVE B | 1741052404.7892008 | 4 | 14.0
RECEIVE A | 1741052405.3606899 | 4 | 17.0
RECEIVE A | 1741052406.3810902 | 4 | 23.0
RECEIVE B | 1741052406.654916 | 3 | 25.0
RECEIVE A | 1741052406.9892328 | 2 | 26.0
RECEIVE A | 1741052407.607132 | 1 | 30.0
RECEIVE A | 1741052407.810273 | 1 | 31.0
RECEIVE A | 1741052409.437126 | 1 | 39.0
RECEIVE A | 1741052409.644487 | 0 | 40.0
INTERNAL | 1741052410.468745 | 0 | 41.0
RECEIVE B | 1741052410.589628 | 0 | 48.0
INTERNAL | 1741052411.143573 | 0 | 49.0
INTERNAL | 1741052411.4819598 | 0 | 50.0
RECEIVE A | 1741052411.684309 | 0 | 54.0
RECEIVE A | 1741052412.0961862 | 0 | 57.0
INTERNAL | 1741052412.495466 | 0 | 58.0
SEND A | 1741052412.837139 | 0 | 59.0
RECEIVE A | 1741052413.118279 | 0 | 62.0
INTERNAL | 1741052413.507308 | 0 | 63.0
RECEIVE B | 1741052413.6674821 | 0 | 67.0
INTERNAL | 1741052414.181992 | 0 | 68.0
INTERNAL | 1741052414.520361 | 0 | 69.0
INTERNAL | 1741052414.858736 | 0 | 70.0
RECEIVE A | 1741052414.936814 | 0 | 71.0
INTERNAL | 1741052415.533786 | 0 | 72.0
SEND A | 1741052415.874115 | 0 | 73.0
INTERNAL | 1741052416.210022 | 0 | 74.0
RECEIVE B | 1741052416.2162712 | 1 | 82.0
RECEIVE B | 1741052416.38674 | 1 | 83.0
RECEIVE B | 1741052416.7249348 | 0 | 85.0
SEND B | 1741052417.56432 | 0 | 86.0
RECEIVE A | 1741052417.58758 | 0 | 90.0
RECEIVE B | 1741052417.916298 | 0 | 92.0
INTERNAL | 1741052418.5688949 | 0 | 93.0
RECEIVE A | 1741052418.616481 | 0 | 95.0
INTERNAL | 1741052419.2405078 | 0 | 96.0
INTERNAL | 1741052419.57884 | 0 | 97.0
INTERNAL | 1741052419.917233 | 0 | 98.0
RECEIVE A | 1741052420.041025 | 1 | 102.0
RECEIVE B | 1741052420.12717 | 2 | 105.0
RECEIVE B | 1741052420.2965271 | 2 | 106.0
RECEIVE B | 1741052420.468396 | 2 | 107.0
RECEIVE B | 1741052420.8135839 | 1 | 109.0
RECEIVE B | 1741052421.156754 | 0 | 111.0
INTERNAL | 1741052422.279115 | 0 | 112.0
RECEIVE A | 1741052422.493431 | 0 | 118.0
INTERNAL | 1741052422.9510558 | 0 | 119.0
SEND A | 1741052423.290723 | 0 | 120.0
RECEIVE B | 1741052423.368604 | 1 | 124.0
RECEIVE A | 1741052423.5112052 | 0 | 125.0
RECEIVE B | 1741052424.0480871 | 1 | 128.0
RECEIVE B | 1741052424.218421 | 1 | 129.0
RECEIVE B | 1741052424.560123 | 0 | 131.0
RECEIVE B | 1741052425.073869 | 0 | 134.0
RECEIVE B | 1741052425.5844522 | 0 | 137.0
INTERNAL | 1741052425.978411 | 0 | 138.0
INTERNAL | 1741052426.3168142 | 0 | 139.0
SEND B | 1741052426.658619 | 0 | 140.0
RECEIVE A | 1741052426.775058 | 0 | 144.0
INTERNAL | 1741052427.3281379 | 0 | 145.0
RECEIVE B | 1741052427.63115 | 0 | 150.0
SEND A | 1741052428.00569 | 0 | 151.0
RECEIVE B | 1741052428.3160949 | 0 | 154.0
INTERNAL | 1741052428.6764219 | 0 | 155.0
SEND ALL | 1741052429.017408 | 0 | 156.0
INTERNAL | 1741052429.351016 | 0 | 157.0
RECEIVE B | 1741052429.499219 | 0 | 161.0
SEND ALL | 1741052430.031987 | 1 | 162.0
RECEIVE A | 1741052430.031706 | 0 | 163.0
RECEIVE B | 1741052430.5185862 | 1 | 167.0
RECEIVE A | 1741052430.6397388 | 1 | 168.0
RECEIVE B | 1741052431.030396 | 1 | 170.0
RECEIVE A | 1741052431.254665 | 0 | 172.0
INTERNAL | 1741052432.0510342 | 0 | 173.0
INTERNAL | 1741052432.385886 | 0 | 174.0
INTERNAL | 1741052432.720187 | 0 | 175.0
RECEIVE B | 1741052432.7319539 | 0 | 181.0
INTERNAL | 1741052433.39596 | 0 | 182.0
RECEIVE B | 1741052433.4167 | 0 | 185.0
RECEIVE B | 1741052433.757783 | 0 | 187.0
INTERNAL | 1741052434.409854 | 0 | 188.0
INTERNAL | 1741052434.7482738 | 0 | 189.0
RECEIVE A | 1741052434.924156 | 0 | 193.0
INTERNAL | 1741052435.424983 | 0 | 194.0
SEND B | 1741052435.766716 | 0 | 195.0
RECEIVE A | 1741052435.9439979 | 0 | 200.0
SEND A | 1741052436.4418619 | 0 | 201.0
INTERNAL | 1741052436.777698 | 0 | 202.0
RECEIVE B | 1741052436.992169 | 0 | 206.0
SEND ALL | 1741052437.459379 | 0 | 207.0
RECEIVE B | 1741052437.673816 | 0 | 210.0
RECEIVE A | 1741052437.9803991 | 0 | 211.0
INTERNAL | 1741052438.4688 | 0 | 212.0
RECEIVE A | 1741052438.793026 | 0 | 215.0
INTERNAL | 1741052439.142064 | 0 | 216.0
SEND B | 1741052439.48273 | 0 | 217.0
RECEIVE A | 1741052439.61041 | 0 | 219.0
INTERNAL | 1741052440.156075 | 0 | 220.0
SEND ALL | 1741052440.501417 | 0 | 221.0
INTERNAL | 1741052440.83279 | 0 | 222.0
SEND A | 1741052441.168863 | 0 | 223.0
SEND ALL | 1741052441.51184 | 0 | 224.0
INTERNAL | 1741052441.8429701 | 0 | 225.0
SEND ALL | 1741052442.188153 | 0 | 226.0
INTERNAL | 1741052442.5184598 | 0 | 227.0
RECEIVE B | 1741052442.749221 | 0 | 240.0
SEND A | 1741052443.199543 | 0 | 241.0
RECEIVE B | 1741052443.42666 | 0 | 244.0
RECEIVE A | 1741052443.687913 | 0 | 245.0
RECEIVE B | 1741052444.108042 | 0 | 248.0
RECEIVE B | 1741052444.280703 | 0 | 249.0
INTERNAL | 1741052444.876481 | 0 | 250.0
RECEIVE B | 1741052444.962124 | 1 | 253.0
RECEIVE A | 1741052445.113991 | 0 | 254.0
INTERNAL | 1741052445.888061 | 0 | 255.0
RECEIVE A | 1741052445.924832 | 0 | 258.0
RECEIVE B | 1741052446.319903 | 1 | 262.0
RECEIVE A | 1741052446.539995 | 1 | 264.0
RECEIVE A | 1741052446.769257 | 1 | 265.0
RECEIVE A | 1741052446.951123 | 1 | 266.0
RECEIVE B | 1741052447.514731 | 0 | 270.0
SEND A | 1741052448.261099 | 0 | 271.0
INTERNAL | 1741052448.590355 | 0 | 272.0
INTERNAL | 1741052448.9283671 | 0 | 273.0
INTERNAL | 1741052449.2631848 | 0 | 274.0
INTERNAL | 1741052449.6015518 | 0 | 275.0
SEND ALL | 1741052449.945871 | 0 | 276.0
RECEIVE B | 1741052450.2458282 | 0 | 286.0
RECEIVE A | 1741052450.42441 | 0 | 287.0
RECEIVE A | 1741052450.6295621 | 1 | 288.0
RECEIVE A | 1741052450.827137 | 0 | 289.0
INTERNAL | 1741052451.627978 | 0 | 290.0
SEND ALL | 1741052451.9691808 | 0 | 291.0
SEND B | 1741052452.3071418 | 0 | 292.0
RECEIVE A | 1741052452.4488041 | 0 | 298.0
INTERNAL | 1741052452.981445 | 0 | 299.0
RECEIVE A | 1741052453.059063 | 1 | 301.0
RECEIVE A | 1741052453.2629828 | 0 | 302.0
INTERNAL | 1741052453.992288 | 0 | 303.0
INTERNAL | 1741052454.3306649 | 0 | 304.0
RECEIVE B | 1741052454.345453 | 0 | 310.0
RECEIVE A | 1741052454.6833768 | 1 | 312.0
RECEIVE B | 1741052454.857545 | 0 | 313.0
RECEIVE B | 1741052455.534604 | 0 | 318.0
INTERNAL | 1741052456.012326 | 0 | 319.0
SEND A | 1741052456.350948 | 0 | 320.0
RECEIVE B | 1741052456.380075 | 0 | 323.0
RECEIVE B | 1741052456.722337 | 0 | 325.0
INTERNAL | 1741052457.354729 | 0 | 326.0
INTERNAL | 1741052457.693092 | 0 | 327.0
INTERNAL | 1741052458.0311942 | 0 | 328.0
INTERNAL | 1741052458.369568 | 0 | 329.0
RECEIVE B | 1741052458.429776 | 0 | 335.0
INTERNAL | 1741052459.0423412 | 0 | 336.0
INTERNAL | 1741052459.3807218 | 0 | 337.0
RECEIVE B | 1741052459.447614 | 0 | 341.0
RECEIVE A | 1741052459.779114 | 0 | 343.0
RECEIVE B | 1741052460.301887 | 0 | 346.0
RECEIVE A | 1741052460.595209 | 0 | 347.0
INTERNAL | 1741052461.061656 | 0 | 348.0
RECEIVE B | 1741052461.154728 | 1 | 351.0
RECEIVE B | 1741052461.329977 | 1 | 352.0
RECEIVE A | 1741052461.6142259 | 0 | 353.0
RECEIVE B | 1741052462.1818612 | 0 | 357.0
SEND ALL | 1741052462.757461 | 0 | 358.0
INTERNAL | 1741052463.08691 | 0 | 359.0
RECEIVE A | 1741052463.253006 | 0 | 362.0
RECEIVE B | 1741052463.7182121 | 0 | 366.0
SEND A | 1741052464.103573 | 0 | 367.0
RECEIVE B | 1741052464.402536 | 0 | 370.0
RECEIVE B | 1741052464.574063 | 0 | 371.0
INTERNAL | 1741052465.1125271 | 0 | 372.0
RECEIVE B | 1741052465.2573462 | 1 | 375.0
RECEIVE A | 1741052465.2819872 | 0 | 376.0
INTERNAL | 1741052466.1311748 | 0 | 377.0
RECEIVE B | 1741052466.277401 | 1 | 381.0
RECEIVE B | 1741052466.446763 | 1 | 382.0
RECEIVE B | 1741052466.617237 | 2 | 383.0
RECEIVE A | 1741052467.1086888 | 1 | 386.0
RECEIVE B | 1741052467.124663 | 0 | 387.0
SEND A | 1741052468.146943 | 0 | 388.0
INTERNAL | 1741052468.480599 | 0 | 389.0
RECEIVE A | 1741052468.530999 | 0 | 393.0
INTERNAL | 1741052469.154686 | 0 | 394.0
SEND B | 1741052469.4980412 | 0 | 395.0
SEND A | 1741052469.836729 | 0 | 396.0
SEND B | 1741052470.169197 | 0 | 397.0
INTERNAL | 1741052470.503545 | 0 | 398.0
