Clock Rate: 6 ticks per second
----------------------------------------
RECEIVE B | 1741050486 | 3 | 8
RECEIVE B | 1741050487 | 2 | 11
RECEIVE B | 1741050487 | 1 | 12
RECEIVE A | 1741050487 | 1 | 15
RECEIVE B | 1741050488 | 0 | 19
INTERNAL | 1741050488.869813 | 0 | 20
RECEIVE A | 1741050488 | 0 | 21
RECEIVE B | 1741050489 | 0 | 22
INTERNAL | 1741050489.379955 | 0 | 23
INTERNAL | 1741050489.551659 | 0 | 24
SEND ALL | 1741050489.7302358 | 0 | 25
INTERNAL | 1741050489.8939679 | 0 | 26
SEND A | 1741050490.066113 | 0 | 27
INTERNAL | 1741050490.2356238 | 0 | 28
SEND A | 1741050490.412608 | 0 | 29
INTERNAL | 1741050490.578567 | 0 | 30
INTERNAL | 1741050490.750296 | 0 | 31
RECEIVE B | 1741050490 | 0 | 33
RECEIVE A | 1741050491 | 0 | 34
INTERNAL | 1741050491.2642071 | 0 | 35
RECEIVE A | 1741050491 | 0 | 36
INTERNAL | 1741050491.603544 | 0 | 37
SEND A | 1741050491.779157 | 0 | 38
INTERNAL | 1741050491.942732 | 0 | 39
INTERNAL | 1741050492.111722 | 0 | 40
INTERNAL | 1741050492.283422 | 0 | 41
INTERNAL | 1741050492.4551702 | 0 | 42
RECEIVE B | 1741050492 | 0 | 43
SEND B | 1741050492.803211 | 0 | 44
INTERNAL | 1741050492.966452 | 0 | 45
INTERNAL | 1741050493.138148 | 0 | 46
RECEIVE B | 1741050493 | 1 | 47
RECEIVE A | 1741050493 | 1 | 48
RECEIVE B | 1741050493 | 0 | 49
SEND A | 1741050493.82257 | 0 | 50
SEND B | 1741050493.995038 | 0 | 51
INTERNAL | 1741050494.161547 | 0 | 52
INTERNAL | 1741050494.3303208 | 0 | 53
RECEIVE B | 1741050494 | 0 | 54
SEND A | 1741050494.690194 | 0 | 55
SEND ALL | 1741050494.853361 | 0 | 56
SEND A | 1741050495.0230012 | 0 | 57
SEND A | 1741050495.190448 | 0 | 58
INTERNAL | 1741050495.358489 | 0 | 59
RECEIVE B | 1741050495 | 0 | 60
RECEIVE B | 1741050495 | 0 | 61
INTERNAL | 1741050495.8702168 | 0 | 62
SEND B | 1741050496.0469341 | 0 | 63
SEND A | 1741050496.217234 | 0 | 64
INTERNAL | 1741050496.3846242 | 0 | 65
RECEIVE A | 1741050496 | 0 | 67
RECEIVE A | 1741050496 | 0 | 68
INTERNAL | 1741050496.894371 | 0 | 69
INTERNAL | 1741050497.066082 | 0 | 70
RECEIVE B | 1741050497 | 0 | 71
INTERNAL | 1741050497.4094982 | 0 | 72
INTERNAL | 1741050497.579294 | 0 | 73
INTERNAL | 1741050497.750283 | 0 | 74
SEND B | 1741050497.926108 | 0 | 75
INTERNAL | 1741050498.093699 | 0 | 76
SEND A | 1741050498.2686028 | 0 | 77
INTERNAL | 1741050498.436379 | 0 | 78
RECEIVE A | 1741050498 | 0 | 80
INTERNAL | 1741050498.7798212 | 0 | 81
SEND ALL | 1741050498.958019 | 0 | 82
SEND A | 1741050499.1232378 | 0 | 83
INTERNAL | 1741050499.2906082 | 0 | 84
INTERNAL | 1741050499.462362 | 0 | 85
RECEIVE A | 1741050499 | 0 | 86
RECEIVE A | 1741050499 | 0 | 87
INTERNAL | 1741050499.970242 | 0 | 88
INTERNAL | 1741050500.140661 | 0 | 89
INTERNAL | 1741050500.311164 | 0 | 90
RECEIVE A | 1741050500 | 0 | 91
SEND ALL | 1741050500.659706 | 0 | 92
SEND A | 1741050500.8223748 | 0 | 93
SEND B | 1741050500.9953349 | 0 | 94
INTERNAL | 1741050501.1625888 | 0 | 95
RECEIVE A | 1741050501 | 0 | 96
RECEIVE A | 1741050501 | 0 | 97
INTERNAL | 1741050501.6673841 | 0 | 98
INTERNAL | 1741050501.83901 | 0 | 99
INTERNAL | 1741050502.008707 | 0 | 100
SEND A | 1741050502.1812701 | 0 | 101
INTERNAL | 1741050502.3449962 | 0 | 102
INTERNAL | 1741050502.5120718 | 0 | 103
INTERNAL | 1741050502.683732 | 0 | 104
INTERNAL | 1741050502.8554492 | 0 | 105
RECEIVE B | 1741050502 | 0 | 106
RECEIVE B | 1741050503 | 0 | 107
RECEIVE B | 1741050503 | 0 | 108
INTERNAL | 1741050503.534494 | 0 | 109
INTERNAL | 1741050503.705039 | 0 | 110
RECEIVE B | 1741050503 | 0 | 111
INTERNAL | 1741050504.041257 | 0 | 112
SEND A | 1741050504.2139158 | 0 | 113
SEND ALL | 1741050504.383583 | 0 | 114
INTERNAL | 1741050504.552613 | 0 | 115
SEND B | 1741050504.726124 | 0 | 116
INTERNAL | 1741050504.893507 | 0 | 117
INTERNAL | 1741050505.064466 | 0 | 118
SEND B | 1741050505.239072 | 0 | 119
INTERNAL | 1741050505.4028668 | 0 | 120
RECEIVE A | 1741050505 | 0 | 122
RECEIVE B | 1741050505 | 0 | 123
INTERNAL | 1741050505.905584 | 0 | 124
SEND ALL | 1741050506.083828 | 0 | 125
SEND A | 1741050506.2474291 | 0 | 126
INTERNAL | 1741050506.416708 | 0 | 127
INTERNAL | 1741050506.587878 | 0 | 128
INTERNAL | 1741050506.7582889 | 0 | 129
INTERNAL | 1741050506.9300008 | 0 | 130
RECEIVE A | 1741050507 | 0 | 131
INTERNAL | 1741050507.269087 | 0 | 132
SEND B | 1741050507.439685 | 0 | 133
INTERNAL | 1741050507.6075451 | 0 | 134
SEND B | 1741050507.78643 | 0 | 135
SEND A | 1741050507.9522822 | 0 | 136
RECEIVE B | 1741050508 | 0 | 138
INTERNAL | 1741050508.288724 | 0 | 139
INTERNAL | 1741050508.460416 | 0 | 140
INTERNAL | 1741050508.630738 | 0 | 141
SEND ALL | 1741050508.8089511 | 0 | 142
SEND B | 1741050508.973665 | 0 | 143
SEND B | 1741050509.145211 | 0 | 144
RECEIVE A | 1741050509 | 0 | 146
SEND A | 1741050509.484449 | 0 | 147
SEND ALL | 1741050509.6590762 | 0 | 148
INTERNAL | 1741050509.818985 | 0 | 149
RECEIVE B | 1741050509 | 0 | 151
INTERNAL | 1741050510.1591501 | 0 | 152
RECEIVE A | 1741050510 | 0 | 153
INTERNAL | 1741050510.497644 | 0 | 154
INTERNAL | 1741050510.6680708 | 0 | 155
INTERNAL | 1741050510.8358212 | 0 | 156
SEND ALL | 1741050511.0142841 | 0 | 157
INTERNAL | 1741050511.177251 | 0 | 158
INTERNAL | 1741050511.346025 | 0 | 159
INTERNAL | 1741050511.517514 | 0 | 160
RECEIVE A | 1741050511 | 0 | 161
SEND A | 1741050511.861115 | 0 | 162
INTERNAL | 1741050512.028203 | 0 | 163
SEND A | 1741050512.204305 | 0 | 164
RECEIVE B | 1741050512 | 0 | 165
SEND ALL | 1741050512.5489368 | 0 | 166
INTERNAL | 1741050512.709662 | 0 | 167
INTERNAL | 1741050512.8786712 | 0 | 168
RECEIVE A | 1741050512 | 0 | 170
SEND A | 1741050513.222971 | 0 | 171
INTERNAL | 1741050513.390296 | 0 | 172
INTERNAL | 1741050513.5571442 | 0 | 173
INTERNAL | 1741050513.72833 | 0 | 174
INTERNAL | 1741050513.900061 | 0 | 175
INTERNAL | 1741050514.069707 | 0 | 176
RECEIVE B | 1741050514 | 0 | 177
RECEIVE A | 1741050514 | 0 | 178
INTERNAL | 1741050514.58549 | 0 | 179
INTERNAL | 1741050514.756667 | 0 | 180
INTERNAL | 1741050514.924692 | 0 | 181
INTERNAL | 1741050515.096406 | 0 | 182
SEND ALL | 1741050515.274533 | 0 | 183
INTERNAL | 1741050515.438592 | 0 | 184
INTERNAL | 1741050515.608212 | 0 | 185
INTERNAL | 1741050515.779951 | 0 | 186
INTERNAL | 1741050515.949072 | 0 | 187
RECEIVE B | 1741050515 | 0 | 188
INTERNAL | 1741050516.286098 | 0 | 189
INTERNAL | 1741050516.457779 | 0 | 190
RECEIVE B | 1741050516 | 0 | 192
INTERNAL | 1741050516.803968 | 0 | 193
INTERNAL | 1741050516.975701 | 0 | 194
INTERNAL | 1741050517.147389 | 0 | 195
RECEIVE A | 1741050517 | 0 | 196
RECEIVE A | 1741050517 | 0 | 197
RECEIVE A | 1741050517 | 0 | 198
SEND A | 1741050517.834211 | 0 | 199
INTERNAL | 1741050518.003964 | 0 | 200
INTERNAL | 1741050518.175673 | 0 | 201
INTERNAL | 1741050518.3474078 | 0 | 202
INTERNAL | 1741050518.519132 | 0 | 203
RECEIVE A | 1741050518 | 0 | 205
RECEIVE B | 1741050518 | 0 | 206
RECEIVE B | 1741050519 | 0 | 207
INTERNAL | 1741050519.205007 | 0 | 208
RECEIVE B | 1741050519 | 1 | 209
RECEIVE A | 1741050519 | 0 | 210
RECEIVE B | 1741050519 | 0 | 211
INTERNAL | 1741050519.885532 | 0 | 212
SEND A | 1741050520.062895 | 0 | 213
SEND ALL | 1741050520.233252 | 0 | 214
SEND ALL | 1741050520.402503 | 0 | 215
INTERNAL | 1741050520.56562 | 0 | 216
INTERNAL | 1741050520.737335 | 0 | 217
RECEIVE A | 1741050520 | 0 | 219
INTERNAL | 1741050521.0729651 | 0 | 220
INTERNAL | 1741050521.241676 | 0 | 221
INTERNAL | 1741050521.413404 | 0 | 222
INTERNAL | 1741050521.585141 | 0 | 223
INTERNAL | 1741050521.756844 | 0 | 224
SEND A | 1741050521.931304 | 0 | 225
RECEIVE B | 1741050522 | 0 | 226
SEND B | 1741050522.2747478 | 0 | 227
INTERNAL | 1741050522.442297 | 0 | 228
SEND A | 1741050522.614381 | 0 | 229
RECEIVE B | 1741050522 | 0 | 231
RECEIVE B | 1741050522 | 0 | 232
INTERNAL | 1741050523.122249 | 0 | 233
RECEIVE A | 1741050523 | 0 | 234
INTERNAL | 1741050523.4657059 | 0 | 235
INTERNAL | 1741050523.636967 | 0 | 236
INTERNAL | 1741050523.8087401 | 0 | 237
INTERNAL | 1741050523.9783192 | 0 | 238
INTERNAL | 1741050524.149288 | 0 | 239
INTERNAL | 1741050524.319793 | 0 | 240
RECEIVE A | 1741050524 | 0 | 241
INTERNAL | 1741050524.663229 | 0 | 242
INTERNAL | 1741050524.833944 | 0 | 243
RECEIVE A | 1741050524 | 0 | 244
INTERNAL | 1741050525.172974 | 0 | 245
INTERNAL | 1741050525.3447008 | 0 | 246
RECEIVE A | 1741050525 | 0 | 247
INTERNAL | 1741050525.68576 | 0 | 248
SEND ALL | 1741050525.8649511 | 0 | 249
INTERNAL | 1741050526.0283031 | 0 | 250
INTERNAL | 1741050526.199929 | 0 | 251
INTERNAL | 1741050526.367618 | 0 | 252
SEND ALL | 1741050526.543512 | 0 | 253
INTERNAL | 1741050526.708149 | 0 | 254
RECEIVE B | 1741050526 | 0 | 256
RECEIVE B | 1741050526 | 0 | 257
INTERNAL | 1741050527.216618 | 0 | 258
SEND A | 1741050527.3885949 | 0 | 259
INTERNAL | 1741050527.554315 | 0 | 260
SEND A | 1741050527.737848 | 0 | 261
INTERNAL | 1741050527.8950348 | 0 | 262
INTERNAL | 1741050528.0626829 | 0 | 263
RECEIVE B | 1741050528 | 0 | 264
INTERNAL | 1741050528.402482 | 0 | 265
SEND A | 1741050528.579324 | 0 | 266
INTERNAL | 1741050528.7459269 | 0 | 267
INTERNAL | 1741050528.9176278 | 0 | 268
RECEIVE A | 1741050529 | 0 | 270
RECEIVE A | 1741050529 | 0 | 271
INTERNAL | 1741050529.427722 | 0 | 272
INTERNAL | 1741050529.599403 | 0 | 273
INTERNAL | 1741050529.771119 | 0 | 274
INTERNAL | 1741050529.942812 | 0 | 275
RECEIVE B | 1741050530 | 0 | 276
INTERNAL | 1741050530.283123 | 0 | 277
SEND A | 1741050530.458154 | 0 | 278
INTERNAL | 1741050530.6236439 | 0 | 279
RECEIVE B | 1741050530 | 0 | 280
RECEIVE A | 1741050530 | 0 | 282
RECEIVE B | 1741050531 | 0 | 283
RECEIVE B | 1741050531 | 0 | 284
INTERNAL | 1741050531.470829 | 0 | 285
INTERNAL | 1741050531.6413288 | 0 | 286
SEND B | 1741050531.814007 | 0 | 287
INTERNAL | 1741050531.9831932 | 0 | 288
INTERNAL | 1741050532.1544478 | 0 | 289
RECEIVE A | 1741050532 | 0 | 290
SEND B | 1741050532.499587 | 0 | 291
SEND ALL | 1741050532.670783 | 0 | 292
SEND B | 1741050532.836389 | 0 | 293
SEND ALL | 1741050533.004868 | 0 | 294
INTERNAL | 1741050533.1662002 | 0 | 295
SEND ALL | 1741050533.343447 | 0 | 296
INTERNAL | 1741050533.503822 | 0 | 297
INTERNAL | 1741050533.674963 | 0 | 298
INTERNAL | 1741050533.851377 | 0 | 299
INTERNAL | 1741050534.01902 | 0 | 300
RECEIVE B | 1741050534 | 0 | 301
RECEIVE A | 1741050534 | 0 | 303
INTERNAL | 1741050534.532193 | 0 | 304
INTERNAL | 1741050534.7027452 | 0 | 305
INTERNAL | 1741050534.874503 | 0 | 306
SEND ALL | 1741050535.059701 | 0 | 307
INTERNAL | 1741050535.215103 | 0 | 308
INTERNAL | 1741050535.386789 | 0 | 309
SEND B | 1741050535.564089 | 0 | 310
INTERNAL | 1741050535.727029 | 0 | 311
SEND ALL | 1741050535.898931 | 0 | 312
INTERNAL | 1741050536.066627 | 0 | 313
INTERNAL | 1741050536.238382 | 0 | 314
RECEIVE A | 1741050536 | 0 | 316
INTERNAL | 1741050536.575497 | 0 | 317
INTERNAL | 1741050536.746016 | 0 | 318
INTERNAL | 1741050536.912894 | 0 | 319
SEND B | 1741050537.0822 | 0 | 320
RECEIVE A | 1741050537 | 0 | 321
RECEIVE A | 1741050537 | 0 | 322
SEND B | 1741050537.594016 | 0 | 323
INTERNAL | 1741050537.76267 | 0 | 324
INTERNAL | 1741050537.934392 | 0 | 325
INTERNAL | 1741050538.104789 | 0 | 326
INTERNAL | 1741050538.275705 | 0 | 327
RECEIVE A | 1741050538 | 0 | 328
INTERNAL | 1741050538.615517 | 0 | 329
RECEIVE A | 1741050538 | 0 | 330
INTERNAL | 1741050538.951079 | 0 | 331
INTERNAL | 1741050539.1210299 | 0 | 332
SEND A | 1741050539.295999 | 0 | 333
SEND A | 1741050539.464823 | 0 | 334
INTERNAL | 1741050539.634269 | 0 | 335
RECEIVE B | 1741050539 | 0 | 336
SEND A | 1741050539.978258 | 0 | 337
SEND B | 1741050540.15001 | 0 | 338
INTERNAL | 1741050540.313524 | 0 | 339
RECEIVE B | 1741050540 | 0 | 341
RECEIVE B | 1741050540 | 0 | 342
INTERNAL | 1741050540.8187258 | 0 | 343
SEND ALL | 1741050540.9938502 | 0 | 344
INTERNAL | 1741050541.1604102 | 0 | 345
RECEIVE B | 1741050541 | 0 | 347
INTERNAL | 1741050541.5035079 | 0 | 348
INTERNAL | 1741050541.6729522 | 0 | 349
RECEIVE A | 1741050541 | 0 | 350
INTERNAL | 1741050542.01182 | 0 | 351
INTERNAL | 1741050542.183519 | 0 | 352
INTERNAL | 1741050542.352581 | 0 | 353
INTERNAL | 1741050542.5210292 | 0 | 354
INTERNAL | 1741050542.692736 | 0 | 355
SEND A | 1741050542.863749 | 0 | 356
SEND B | 1741050543.035504 | 0 | 357
INTERNAL | 1741050543.203018 | 0 | 358
RECEIVE A | 1741050543 | 0 | 360
SEND ALL | 1741050543.551338 | 0 | 361
INTERNAL | 1741050543.7128 | 0 | 362
INTERNAL | 1741050543.88341 | 0 | 363
INTERNAL | 1741050544.052116 | 0 | 364
RECEIVE B | 1741050544 | 0 | 365
SEND ALL | 1741050544.395912 | 0 | 366
SEND A | 1741050544.5659578 | 0 | 367
RECEIVE B | 1741050544 | 0 | 369
INTERNAL | 1741050544.900217 | 0 | 370
INTERNAL | 1741050545.070536 | 0 | 371
RECEIVE B | 1741050545 | 0 | 372
INTERNAL | 1741050545.411924 | 0 | 373
SEND B | 1741050545.585094 | 0 | 374
INTERNAL | 1741050545.7522051 | 0 | 375
INTERNAL | 1741050545.9206898 | 0 | 376
INTERNAL | 1741050546.0875509 | 0 | 377
INTERNAL | 1741050546.255692 | 0 | 378
INTERNAL | 1741050546.4243069 | 0 | 379
SEND ALL | 1741050546.599093 | 0 | 380
SEND A | 1741050546.768748 | 0 | 381
INTERNAL | 1741050546.935912 | 0 | 382
INTERNAL | 1741050547.105472 | 0 | 383
SEND B | 1741050547.2812102 | 0 | 384
INTERNAL | 1741050547.445993 | 0 | 385
RECEIVE A | 1741050547 | 0 | 387
INTERNAL | 1741050547.78745 | 0 | 388
INTERNAL | 1741050547.9560661 | 0 | 389
RECEIVE A | 1741050548 | 0 | 390
RECEIVE B | 1741050548 | 1 | 391
RECEIVE A | 1741050548 | 0 | 392
RECEIVE B | 1741050548 | 0 | 393
INTERNAL | 1741050548.811476 | 0 | 394
RECEIVE A | 1741050548 | 0 | 395
RECEIVE A | 1741050549 | 0 | 396
SEND B | 1741050549.321506 | 0 | 397
SEND A | 1741050549.4952052 | 0 | 398
INTERNAL | 1741050549.659038 | 0 | 399
RECEIVE B | 1741050549 | 0 | 401
RECEIVE B | 1741050549 | 0 | 402
SEND A | 1741050550.176219 | 0 | 403
INTERNAL | 1741050550.3433988 | 0 | 404
INTERNAL | 1741050550.51153 | 0 | 405
INTERNAL | 1741050550.6832461 | 0 | 406
RECEIVE A | 1741050550 | 0 | 408
SEND ALL | 1741050551.028942 | 0 | 409
INTERNAL | 1741050551.18925 | 0 | 410
SEND A | 1741050551.362326 | 0 | 411
INTERNAL | 1741050551.52628 | 0 | 412
INTERNAL | 1741050551.698038 | 0 | 413
INTERNAL | 1741050551.8679411 | 0 | 414
INTERNAL | 1741050552.038414 | 0 | 415
SEND B | 1741050552.209733 | 0 | 416
INTERNAL | 1741050552.378057 | 0 | 417
SEND ALL | 1741050552.556842 | 0 | 418
INTERNAL | 1741050552.716647 | 0 | 419
INTERNAL | 1741050552.8841238 | 0 | 420
